2022-06-22 13:08:49,710 CRIT Supervisor is running as root.  Privileges were not dropped because no user is specified in the config file.  If you intend to run as root, you can set user=root in the config file to avoid this message.
2022-06-22 13:08:49,712 INFO supervisord started with pid 7
2022-06-22 13:08:50,714 INFO spawned: 'nginx' with pid 10
2022-06-22 13:08:50,716 INFO spawned: 'app' with pid 11
Bottle v0.12.21 server starting up (using WSGIRefServer())...
Listening on http://localhost:5000/
Hit Ctrl-C to quit.

2022-06-22 13:08:52,572 INFO success: nginx entered RUNNING state, process has stayed up for > than 1 seconds (startsecs)
2022-06-22 13:08:52,573 INFO success: app entered RUNNING state, process has stayed up for > than 1 seconds (startsecs)
[CTRL] POST /setup
[Time: 22.06.22 13:08:56] [Level: info] id: 1917ff1d230ac1fb
[Time: 22.06.22 13:08:56] [Level: info] coordinator: False
[Time: 22.06.22 13:08:56] [Level: info] clients: ['7fb781484c17c0bd', '1917ff1d230ac1fb', 'da5dcb8cc3468deb']
127.0.0.1 - - [22/Jun/2022 13:08:56] "POST /api/setup HTTP/1.0" 200 0
[Time: 22.06.22 13:08:56] [Level: info] state: initial
[Time: 22.06.22 13:08:56] [Level: info] transition: read
[CTRL] GET /status
127.0.0.1 - - [22/Jun/2022 13:08:56] "GET /api/status HTTP/1.0" 200 126
[Time: 22.06.22 13:08:57] [Level: info] state: read
[Time: 22.06.22 13:08:57] [Level: info] transition: await
[Time: 22.06.22 13:08:58] [Level: info] state: await
[CTRL] GET /status
127.0.0.1 - - [22/Jun/2022 13:08:59] "GET /api/status HTTP/1.0" 200 126
[CTRL] GET /data
127.0.0.1 - - [22/Jun/2022 13:08:59] "GET /api/data HTTP/1.0" 200 4
