2022-06-21 12:28:25,189 CRIT Supervisor is running as root.  Privileges were not dropped because no user is specified in the config file.  If you intend to run as root, you can set user=root in the config file to avoid this message.
2022-06-21 12:28:25,191 INFO supervisord started with pid 9
2022-06-21 12:28:26,192 INFO spawned: 'nginx' with pid 12
2022-06-21 12:28:26,194 INFO spawned: 'app' with pid 13
Traceback (most recent call last):
  File "/app/main.py", line 8, in <module>
    import states
  File "/app/states.py", line 28, in <module>
    @app_state('aggregation', Role.COORDINATOR)
NameError: name 'Role' is not defined
2022-06-21 12:28:26,616 INFO exited: app (exit status 1; not expected)
2022-06-21 12:28:27,617 INFO success: nginx entered RUNNING state, process has stayed up for > than 1 seconds (startsecs)
2022-06-21 12:28:27,618 INFO spawned: 'app' with pid 22
Traceback (most recent call last):
  File "/app/main.py", line 8, in <module>
    import states
  File "/app/states.py", line 28, in <module>
    @app_state('aggregation', Role.COORDINATOR)
NameError: name 'Role' is not defined
2022-06-21 12:28:28,095 INFO exited: app (exit status 1; not expected)
