2022-06-22 09:01:52,781 CRIT Supervisor is running as root.  Privileges were not dropped because no user is specified in the config file.  If you intend to run as root, you can set user=root in the config file to avoid this message.
2022-06-22 09:01:52,783 INFO supervisord started with pid 8
2022-06-22 09:01:53,785 INFO spawned: 'nginx' with pid 11
2022-06-22 09:01:53,790 INFO spawned: 'app' with pid 12
2022-06-22 09:01:54,818 INFO success: nginx entered RUNNING state, process has stayed up for > than 1 seconds (startsecs)
2022-06-22 09:01:54,818 INFO success: app entered RUNNING state, process has stayed up for > than 1 seconds (startsecs)
Bottle v0.12.21 server starting up (using WSGIRefServer())...
Listening on http://localhost:5000/
Hit Ctrl-C to quit.

[CTRL] POST /setup
[Time: 22.06.22 09:01:59] [Level: info] id: 8ca03dede8782a44
[Time: 22.06.22 09:01:59] [Level: info] coordinator: True
[Time: 22.06.22 09:01:59] [Level: info] clients: ['8ca03dede8782a44', 'df77132c7adf19d2']
127.0.0.1 - - [22/Jun/2022 09:01:59] "POST /api/setup HTTP/1.0" 200 0
[Time: 22.06.22 09:01:59] [Level: info] state: initial
[Time: 22.06.22 09:01:59] [Level: info] transition: read
[CTRL] GET /status
127.0.0.1 - - [22/Jun/2022 09:01:59] "GET /api/status HTTP/1.0" 200 126
[Time: 22.06.22 09:02:00] [Level: info] state: read
[Time: 22.06.22 09:02:00] [Level: info] Traceback (most recent call last):
  File "/usr/local/lib/python3.8/site-packages/FeatureCloud/app/engine/app.py", line 169, in guarded_run
    self.run()
  File "/usr/local/lib/python3.8/site-packages/FeatureCloud/app/engine/app.py", line 184, in run
    transition = self.current_state.run()
  File "/app/states.py", line 51, in run
    if c.get_balance_ratio > 0.9:
TypeError: '>' not supported between instances of 'method' and 'float'

[CTRL] GET /status
127.0.0.1 - - [22/Jun/2022 09:02:02] "GET /api/status HTTP/1.0" 200 133
