2022-06-22 13:08:45,024 CRIT Supervisor is running as root.  Privileges were not dropped because no user is specified in the config file.  If you intend to run as root, you can set user=root in the config file to avoid this message.
2022-06-22 13:08:45,026 INFO supervisord started with pid 10
2022-06-22 13:08:46,035 INFO spawned: 'nginx' with pid 13
2022-06-22 13:08:46,040 INFO spawned: 'app' with pid 14
Bottle v0.12.21 server starting up (using WSGIRefServer())...
Listening on http://localhost:5000/
Hit Ctrl-C to quit.

2022-06-22 13:08:48,017 INFO success: nginx entered RUNNING state, process has stayed up for > than 1 seconds (startsecs)
2022-06-22 13:08:48,018 INFO success: app entered RUNNING state, process has stayed up for > than 1 seconds (startsecs)
[CTRL] POST /setup
[Time: 22.06.22 13:08:56] [Level: info] id: 7fb781484c17c0bd
[Time: 22.06.22 13:08:56] [Level: info] coordinator: True
[Time: 22.06.22 13:08:56] [Level: info] clients: ['7fb781484c17c0bd', '1917ff1d230ac1fb', 'da5dcb8cc3468deb']
[Time: 22.06.22 13:08:56] [Level: info] state: initial
[Time: 22.06.22 13:08:56] [Level: info] transition: read
127.0.0.1 - - [22/Jun/2022 13:08:56] "POST /api/setup HTTP/1.0" 200 0
[CTRL] GET /status
127.0.0.1 - - [22/Jun/2022 13:08:56] "GET /api/status HTTP/1.0" 200 126
[Time: 22.06.22 13:08:57] [Level: info] state: read
[Time: 22.06.22 13:08:57] [Level: info] transition: aggregate_contributions
[Time: 22.06.22 13:08:58] [Level: info] state: aggregate_contributions
[Time: 22.06.22 13:08:58] [Level: info] transition: send_empty_columns
[CTRL] GET /status
127.0.0.1 - - [22/Jun/2022 13:08:59] "GET /api/status HTTP/1.0" 200 140
[CTRL] POST /data
127.0.0.1 - - [22/Jun/2022 13:08:59] "POST /api/data?client=1917ff1d230ac1fb HTTP/1.0" 200 0
[Time: 22.06.22 13:08:59] [Level: info] state: send_empty_columns
[Time: 22.06.22 13:08:59] [Level: info] [State: send_empty_columns] client's empty columns:
[Time: 22.06.22 13:08:59] [Level: info] [State: send_empty_columns] Index(['msp_0051', 'msp_0078', 'msp_0082c', 'msp_0094', 'msp_0097', 'msp_0099',
       'msp_0102', 'msp_0122', 'msp_0149', 'msp_0155',
       ...
       'msp_2917', 'msp_2920', 'msp_2924', 'msp_2928', 'msp_2930', 'msp_2936',
       'msp_2939', 'msp_2946', 'msp_2947', 'msp_2949'],
      dtype='object', length=691)
[Time: 22.06.22 13:08:59] [Level: info] transition: aggregate_columns_to_drop
[Time: 22.06.22 13:09:00] [Level: info] state: aggregate_columns_to_drop
[Time: 22.06.22 13:09:00] [Level: info] [State: aggregate_columns_to_drop] gathered to_drop:
[Time: 22.06.22 13:09:00] [Level: info] [State: aggregate_columns_to_drop] False
[Time: 22.06.22 13:09:00] [Level: info] Traceback (most recent call last):
  File "/usr/local/lib/python3.8/site-packages/FeatureCloud/app/engine/app.py", line 169, in guarded_run
    self.run()
  File "/usr/local/lib/python3.8/site-packages/FeatureCloud/app/engine/app.py", line 184, in run
    transition = self.current_state.run()
  File "/app/states.py", line 119, in run
    common_to_drop = set.intersection(*map(set, to_drop))
TypeError: 'bool' object is not iterable

[CTRL] POST /data
127.0.0.1 - - [22/Jun/2022 13:09:01] "POST /api/data?client=da5dcb8cc3468deb HTTP/1.0" 200 0
[CTRL] GET /status
127.0.0.1 - - [22/Jun/2022 13:09:02] "GET /api/status HTTP/1.0" 200 133
