2022-06-21 12:28:57,528 CRIT Supervisor is running as root.  Privileges were not dropped because no user is specified in the config file.  If you intend to run as root, you can set user=root in the config file to avoid this message.
2022-06-21 12:28:57,531 INFO supervisord started with pid 9
2022-06-21 12:28:58,535 INFO spawned: 'nginx' with pid 12
2022-06-21 12:28:58,540 INFO spawned: 'app' with pid 13
Traceback (most recent call last):
  File "/app/main.py", line 8, in <module>
    import states
  File "/app/states.py", line 28, in <module>
    @app_state('aggregation', Role.COORDINATOR)
NameError: name 'Role' is not defined
2022-06-21 12:28:59,036 INFO exited: app (exit status 1; not expected)
2022-06-21 12:29:00,042 INFO success: nginx entered RUNNING state, process has stayed up for > than 1 seconds (startsecs)
2022-06-21 12:29:00,049 INFO spawned: 'app' with pid 22
Traceback (most recent call last):
  File "/app/main.py", line 8, in <module>
    import states
  File "/app/states.py", line 28, in <module>
    @app_state('aggregation', Role.COORDINATOR)
NameError: name 'Role' is not defined
2022-06-21 12:29:00,454 INFO exited: app (exit status 1; not expected)
2022-06-21 12:29:02,460 INFO spawned: 'app' with pid 27
Traceback (most recent call last):
  File "/app/main.py", line 8, in <module>
    import states
  File "/app/states.py", line 28, in <module>
    @app_state('aggregation', Role.COORDINATOR)
NameError: name 'Role' is not defined
2022-06-21 12:29:02,912 INFO exited: app (exit status 1; not expected)
2022-06-21 12:29:05,918 INFO spawned: 'app' with pid 32
Traceback (most recent call last):
  File "/app/main.py", line 8, in <module>
    import states
  File "/app/states.py", line 28, in <module>
    @app_state('aggregation', Role.COORDINATOR)
NameError: name 'Role' is not defined
2022-06-21 12:29:06,376 INFO exited: app (exit status 1; not expected)
2022-06-21 12:29:07,378 INFO gave up: app entered FATAL state, too many start retries too quickly
