2022-06-22 08:10:28,676 CRIT Supervisor is running as root.  Privileges were not dropped because no user is specified in the config file.  If you intend to run as root, you can set user=root in the config file to avoid this message.
2022-06-22 08:10:28,679 INFO supervisord started with pid 8
2022-06-22 08:10:29,682 INFO spawned: 'nginx' with pid 11
2022-06-22 08:10:29,684 INFO spawned: 'app' with pid 12
2022-06-22 08:10:30,724 INFO success: nginx entered RUNNING state, process has stayed up for > than 1 seconds (startsecs)
2022-06-22 08:10:30,724 INFO success: app entered RUNNING state, process has stayed up for > than 1 seconds (startsecs)
Bottle v0.12.21 server starting up (using WSGIRefServer())...
Listening on http://localhost:5000/
Hit Ctrl-C to quit.

[CTRL] POST /setup
[Time: 22.06.22 08:10:52] [Level: info] id: d6d99fc57d979a28
[Time: 22.06.22 08:10:52] [Level: info] coordinator: False
[Time: 22.06.22 08:10:52] [Level: info] clients: ['d6d99fc57d979a28', 'dff26affca19938d', 'ea06750e87a5c227', '8423d3ebf5bc4c2c', '741962b97f478522', '1ed41903b0c97a64', '9b1253312c9a32ea', 'b9aa902f66821b77']
[Time: 22.06.22 08:10:52] [Level: info] state: initial
[Time: 22.06.22 08:10:52] [Level: info] transition: read
127.0.0.1 - - [22/Jun/2022 08:10:52] "POST /api/setup HTTP/1.0" 200 0
[CTRL] GET /status
127.0.0.1 - - [22/Jun/2022 08:10:52] "GET /api/status HTTP/1.0" 200 126
[Time: 22.06.22 08:10:53] [Level: info] state: read
[Time: 22.06.22 08:10:53] [Level: info] transition: await
[Time: 22.06.22 08:10:54] [Level: info] state: await
127.0.0.1 - - [22/Jun/2022 08:10:55] "GET /api/status HTTP/1.0" 200 126
[CTRL] GET /status
[CTRL] GET /data
127.0.0.1 - - [22/Jun/2022 08:10:55] "GET /api/data HTTP/1.0" 200 7860
[CTRL] POST /data
127.0.0.1 - - [22/Jun/2022 08:10:56] "POST /api/data?client=dff26affca19938d HTTP/1.0" 200 0
[Time: 22.06.22 08:10:56] [Level: info] [State: await] Index(['msp_0004', 'msp_0051', 'msp_0078', 'msp_0096', 'msp_0099', 'msp_0101',
       'msp_0115c', 'msp_0116', 'msp_0169', 'msp_0190',
       ...
       'msp_2908', 'msp_2910', 'msp_2915', 'msp_2930', 'msp_2945', 'msp_2946',
       'msp_2947', 'msp_2948', 'msp_2949', 'msp_2951'],
      dtype='object', length=826)
[Time: 22.06.22 08:10:56] [Level: info] transition: apply
[Time: 22.06.22 08:10:57] [Level: info] state: apply
[CTRL] POST /setup
[Time: 22.06.22 08:11:03] [Level: info] id: 030cfb2360148ce1
[Time: 22.06.22 08:11:03] [Level: info] coordinator: True
[Time: 22.06.22 08:11:03] [Level: info] clients: ['89397f5fd999d50f', '030cfb2360148ce1', 'a54a65d44202b502', 'cadb9c4e806dafc4', 'f7d9824f1b09a362', 'd7ed3f9bbe6f8d46', '72e299925964af0d', '79ec22475e52a740']
[Time: 22.06.22 08:11:03] [Level: info] state: initial
[Time: 22.06.22 08:11:03] [Level: info] transition: read
127.0.0.1 - - [22/Jun/2022 08:11:03] "POST /api/setup HTTP/1.0" 200 0
[CTRL] GET /status
127.0.0.1 - - [22/Jun/2022 08:11:03] "GET /api/status HTTP/1.0" 200 126
[Time: 22.06.22 08:11:04] [Level: info] state: read
[Time: 22.06.22 08:11:05] [Level: info] transition: aggregate
[Time: 22.06.22 08:11:05] [Level: info] [State: apply] Index(['msp_0051', 'msp_0078', 'msp_0082c', 'msp_0094', 'msp_0097', 'msp_0099',
       'msp_0102', 'msp_0122', 'msp_0149', 'msp_0155',
       ...
       'msp_2917', 'msp_2920', 'msp_2924', 'msp_2928', 'msp_2930', 'msp_2936',
       'msp_2939', 'msp_2946', 'msp_2947', 'msp_2949'],
      dtype='object', length=691)
[Time: 22.06.22 08:11:05] [Level: info] transition: terminal
[Time: 22.06.22 08:11:05] [Level: info] Traceback (most recent call last):
  File "/usr/local/lib/python3.8/site-packages/FeatureCloud/app/engine/app.py", line 169, in guarded_run
    self.run()
  File "/usr/local/lib/python3.8/site-packages/FeatureCloud/app/engine/app.py", line 186, in run
    self.transition(f'{self.current_state.name}_{transition}')
  File "/usr/local/lib/python3.8/site-packages/FeatureCloud/app/engine/app.py", line 314, in transition
    self.log(f'transition {name} not found', level=LogLevel.FATAL)
  File "/usr/local/lib/python3.8/site-packages/FeatureCloud/app/engine/app.py", line 340, in log
    raise RuntimeError(msg)
RuntimeError: [Time: 22.06.22 08:11:05] [Level: fatal] transition aggregate_terminal not found

[Time: 22.06.22 08:11:06] [Level: info] state: aggregate
[CTRL] GET /status
127.0.0.1 - - [22/Jun/2022 08:11:06] "GET /api/status HTTP/1.0" 200 136
[CTRL] POST /data
127.0.0.1 - - [22/Jun/2022 08:11:06] "POST /api/data?client=f7d9824f1b09a362 HTTP/1.0" 200 0
[CTRL] POST /data
127.0.0.1 - - [22/Jun/2022 08:11:06] "POST /api/data?client=a54a65d44202b502 HTTP/1.0" 200 0
[CTRL] POST /data
127.0.0.1 - - [22/Jun/2022 08:11:06] "POST /api/data?client=72e299925964af0d HTTP/1.0" 200 0
[CTRL] POST /data
127.0.0.1 - - [22/Jun/2022 08:11:06] "POST /api/data?client=d7ed3f9bbe6f8d46 HTTP/1.0" 200 0
[CTRL] POST /data
127.0.0.1 - - [22/Jun/2022 08:11:07] "POST /api/data?client=cadb9c4e806dafc4 HTTP/1.0" 200 0
[CTRL] POST /data
127.0.0.1 - - [22/Jun/2022 08:11:07] "POST /api/data?client=89397f5fd999d50f HTTP/1.0" 200 0
