2022-06-21 15:29:57,709 CRIT Supervisor is running as root.  Privileges were not dropped because no user is specified in the config file.  If you intend to run as root, you can set user=root in the config file to avoid this message.
2022-06-21 15:29:57,711 INFO supervisord started with pid 7
2022-06-21 15:29:58,715 INFO spawned: 'nginx' with pid 10
2022-06-21 15:29:58,719 INFO spawned: 'app' with pid 11
Traceback (most recent call last):
  File "/app/main.py", line 14, in <module>
    app.register()
  File "/usr/local/lib/python3.8/site-packages/FeatureCloud/app/engine/app.py", line 202, in register
    state.register()
  File "/app/states.py", line 72, in register
    self.register_transition('send_global_parms', Role.COORDINATOR)
  File "/usr/local/lib/python3.8/site-packages/FeatureCloud/app/engine/app.py", line 424, in register_transition
    self._app.register_transition(f'{self.name}_{name}', self.name, target, participant, coordinator)
  File "/usr/local/lib/python3.8/site-packages/FeatureCloud/app/engine/app.py", line 293, in register_transition
    self.log(f'target state {target} not found', level=LogLevel.FATAL)
  File "/usr/local/lib/python3.8/site-packages/FeatureCloud/app/engine/app.py", line 340, in log
    raise RuntimeError(msg)
RuntimeError: [Time: 21.06.22 15:29:59] [Level: fatal] target state send_global_parms not found
2022-06-21 15:29:59,284 INFO exited: app (exit status 1; not expected)
2022-06-21 15:30:00,287 INFO success: nginx entered RUNNING state, process has stayed up for > than 1 seconds (startsecs)
2022-06-21 15:30:00,291 INFO spawned: 'app' with pid 20
Traceback (most recent call last):
  File "/app/main.py", line 14, in <module>
    app.register()
  File "/usr/local/lib/python3.8/site-packages/FeatureCloud/app/engine/app.py", line 202, in register
    state.register()
  File "/app/states.py", line 72, in register
    self.register_transition('send_global_parms', Role.COORDINATOR)
  File "/usr/local/lib/python3.8/site-packages/FeatureCloud/app/engine/app.py", line 424, in register_transition
    self._app.register_transition(f'{self.name}_{name}', self.name, target, participant, coordinator)
  File "/usr/local/lib/python3.8/site-packages/FeatureCloud/app/engine/app.py", line 293, in register_transition
    self.log(f'target state {target} not found', level=LogLevel.FATAL)
  File "/usr/local/lib/python3.8/site-packages/FeatureCloud/app/engine/app.py", line 340, in log
    raise RuntimeError(msg)
RuntimeError: [Time: 21.06.22 15:30:00] [Level: fatal] target state send_global_parms not found
2022-06-21 15:30:00,779 INFO exited: app (exit status 1; not expected)
2022-06-21 15:30:02,784 INFO spawned: 'app' with pid 25
Traceback (most recent call last):
  File "/app/main.py", line 14, in <module>
    app.register()
  File "/usr/local/lib/python3.8/site-packages/FeatureCloud/app/engine/app.py", line 202, in register
    state.register()
  File "/app/states.py", line 72, in register
    self.register_transition('send_global_parms', Role.COORDINATOR)
  File "/usr/local/lib/python3.8/site-packages/FeatureCloud/app/engine/app.py", line 424, in register_transition
    self._app.register_transition(f'{self.name}_{name}', self.name, target, participant, coordinator)
  File "/usr/local/lib/python3.8/site-packages/FeatureCloud/app/engine/app.py", line 293, in register_transition
    self.log(f'target state {target} not found', level=LogLevel.FATAL)
  File "/usr/local/lib/python3.8/site-packages/FeatureCloud/app/engine/app.py", line 340, in log
    raise RuntimeError(msg)
RuntimeError: [Time: 21.06.22 15:30:03] [Level: fatal] target state send_global_parms not found
2022-06-21 15:30:03,299 INFO exited: app (exit status 1; not expected)
2022-06-21 15:30:07,272 INFO spawned: 'app' with pid 30
Traceback (most recent call last):
  File "/app/main.py", line 14, in <module>
    app.register()
  File "/usr/local/lib/python3.8/site-packages/FeatureCloud/app/engine/app.py", line 202, in register
    state.register()
  File "/app/states.py", line 72, in register
    self.register_transition('send_global_parms', Role.COORDINATOR)
  File "/usr/local/lib/python3.8/site-packages/FeatureCloud/app/engine/app.py", line 424, in register_transition
    self._app.register_transition(f'{self.name}_{name}', self.name, target, participant, coordinator)
  File "/usr/local/lib/python3.8/site-packages/FeatureCloud/app/engine/app.py", line 293, in register_transition
    self.log(f'target state {target} not found', level=LogLevel.FATAL)
  File "/usr/local/lib/python3.8/site-packages/FeatureCloud/app/engine/app.py", line 340, in log
    raise RuntimeError(msg)
RuntimeError: [Time: 21.06.22 15:30:07] [Level: fatal] target state send_global_parms not found
2022-06-21 15:30:07,773 INFO exited: app (exit status 1; not expected)
2022-06-21 15:30:08,774 INFO gave up: app entered FATAL state, too many start retries too quickly
