2022-06-22 12:57:17,841 CRIT Supervisor is running as root.  Privileges were not dropped because no user is specified in the config file.  If you intend to run as root, you can set user=root in the config file to avoid this message.
2022-06-22 12:57:17,846 INFO supervisord started with pid 9
2022-06-22 12:57:18,849 INFO spawned: 'nginx' with pid 12
2022-06-22 12:57:18,854 INFO spawned: 'app' with pid 13
Bottle v0.12.21 server starting up (using WSGIRefServer())...
Listening on http://localhost:5000/
Hit Ctrl-C to quit.

2022-06-22 12:57:20,682 INFO success: nginx entered RUNNING state, process has stayed up for > than 1 seconds (startsecs)
2022-06-22 12:57:20,682 INFO success: app entered RUNNING state, process has stayed up for > than 1 seconds (startsecs)
[CTRL] POST /setup
[Time: 22.06.22 12:57:21] [Level: info] id: f74b0ac68e208721
[Time: 22.06.22 12:57:21] [Level: info] coordinator: False
[Time: 22.06.22 12:57:21] [Level: info] clients: ['f74b0ac68e208721', 'b283c571cfb804db', 'ea5ee1f62b24ba4d']
[Time: 22.06.22 12:57:21] [Level: info] state: initial
[Time: 22.06.22 12:57:21] [Level: info] transition: read
127.0.0.1 - - [22/Jun/2022 12:57:21] "POST /api/setup HTTP/1.0" 200 0
[CTRL] GET /status
127.0.0.1 - - [22/Jun/2022 12:57:21] "GET /api/status HTTP/1.0" 200 126
[Time: 22.06.22 12:57:22] [Level: info] state: read
[Time: 22.06.22 12:57:22] [Level: info] transition: send_empty_columns
[Time: 22.06.22 12:57:23] [Level: info] state: send_empty_columns
[Time: 22.06.22 12:57:23] [Level: info] transition: await
[CTRL] GET /status
127.0.0.1 - - [22/Jun/2022 12:57:24] "GET /api/status HTTP/1.0" 200 126
[CTRL] GET /data
127.0.0.1 - - [22/Jun/2022 12:57:24] "GET /api/data HTTP/1.0" 200 4
[Time: 22.06.22 12:57:24] [Level: info] state: await
[CTRL] GET /status
127.0.0.1 - - [22/Jun/2022 12:57:27] "GET /api/status HTTP/1.0" 200 126
[CTRL] GET /data
127.0.0.1 - - [22/Jun/2022 12:57:27] "GET /api/data HTTP/1.0" 200 9351
