2022-06-22 13:12:17,135 CRIT Supervisor is running as root.  Privileges were not dropped because no user is specified in the config file.  If you intend to run as root, you can set user=root in the config file to avoid this message.
2022-06-22 13:12:17,139 INFO supervisord started with pid 8
2022-06-22 13:12:18,141 INFO spawned: 'nginx' with pid 11
2022-06-22 13:12:18,143 INFO spawned: 'app' with pid 12
2022-06-22 13:12:19,167 INFO success: nginx entered RUNNING state, process has stayed up for > than 1 seconds (startsecs)
2022-06-22 13:12:19,167 INFO success: app entered RUNNING state, process has stayed up for > than 1 seconds (startsecs)
Bottle v0.12.21 server starting up (using WSGIRefServer())...
Listening on http://localhost:5000/
Hit Ctrl-C to quit.

[CTRL] POST /setup
127.0.0.1 - - [22/Jun/2022 13:12:28] "POST /api/setup HTTP/1.0" 200 0
[Time: 22.06.22 13:12:28] [Level: info] id: 1898c8617c8e439e
[Time: 22.06.22 13:12:28] [Level: info] coordinator: True
[Time: 22.06.22 13:12:28] [Level: info] clients: ['1898c8617c8e439e', '535fcf711d918b29', '363e507a42dbb1d0']
[Time: 22.06.22 13:12:28] [Level: info] state: initial
[Time: 22.06.22 13:12:28] [Level: info] transition: read
[CTRL] GET /status
127.0.0.1 - - [22/Jun/2022 13:12:28] "GET /api/status HTTP/1.0" 200 126
[Time: 22.06.22 13:12:29] [Level: info] state: read
[Time: 22.06.22 13:12:29] [Level: info] transition: aggregate_contributions
[Time: 22.06.22 13:12:30] [Level: info] state: aggregate_contributions
127.0.0.1 - - [22/Jun/2022 13:12:31] "GET /api/status HTTP/1.0" 200 145
[CTRL] GET /status
127.0.0.1 - - [22/Jun/2022 13:12:31] "POST /api/data?client=535fcf711d918b29 HTTP/1.0" 200 0
[CTRL] POST /data
127.0.0.1 - - [22/Jun/2022 13:12:33] "POST /api/data?client=363e507a42dbb1d0 HTTP/1.0" 200 0
[CTRL] POST /data
[Time: 22.06.22 13:12:33] [Level: info] transition: send_empty_columns
[CTRL] GET /status
127.0.0.1 - - [22/Jun/2022 13:12:34] "GET /api/status HTTP/1.0" 200 140
[Time: 22.06.22 13:12:34] [Level: info] state: send_empty_columns
[Time: 22.06.22 13:12:34] [Level: info] [State: send_empty_columns] client's empty columns:
[Time: 22.06.22 13:12:34] [Level: info] [State: send_empty_columns] Index(['msp_0051', 'msp_0078', 'msp_0082c', 'msp_0094', 'msp_0097', 'msp_0099',
       'msp_0102', 'msp_0122', 'msp_0149', 'msp_0155',
       ...
       'msp_2917', 'msp_2920', 'msp_2924', 'msp_2928', 'msp_2930', 'msp_2936',
       'msp_2939', 'msp_2946', 'msp_2947', 'msp_2949'],
      dtype='object', length=691)
[Time: 22.06.22 13:12:34] [Level: info] transition: aggregate_columns_to_drop
[Time: 22.06.22 13:12:35] [Level: info] state: aggregate_columns_to_drop
[CTRL] POST /data
127.0.0.1 - - [22/Jun/2022 13:12:36] "POST /api/data?client=363e507a42dbb1d0 HTTP/1.0" 200 0
[Time: 22.06.22 13:12:36] [Level: info] [State: aggregate_columns_to_drop] gathered to_drop:
[Time: 22.06.22 13:12:36] [Level: info] [State: aggregate_columns_to_drop] [Index(['msp_0051', 'msp_0078', 'msp_0082c', 'msp_0094', 'msp_0097', 'msp_0099',
       'msp_0102', 'msp_0122', 'msp_0149', 'msp_0155',
       ...
       'msp_2917', 'msp_2920', 'msp_2924', 'msp_2928', 'msp_2930', 'msp_2936',
       'msp_2939', 'msp_2946', 'msp_2947', 'msp_2949'],
      dtype='object', length=691), Index(['msp_0004', 'msp_0051', 'msp_0078', 'msp_0096', 'msp_0099', 'msp_0101',
       'msp_0115c', 'msp_0116', 'msp_0169', 'msp_0190',
       ...
       'msp_2908', 'msp_2910', 'msp_2915', 'msp_2930', 'msp_2945', 'msp_2946',
       'msp_2947', 'msp_2948', 'msp_2949', 'msp_2951'],
      dtype='object', length=826)]
[Time: 22.06.22 13:12:36] [Level: info] [State: aggregate_columns_to_drop] common to drop:
[Time: 22.06.22 13:12:36] [Level: info] [State: aggregate_columns_to_drop] {'msp_2011', 'msp_0078', 'msp_2791', 'msp_1178', 'msp_0714c', 'msp_2615', 'msp_0395', 'msp_2645', 'msp_0905c', 'msp_1212', 'msp_0784', 'msp_2299', 'msp_0680c', 'msp_2168', 'msp_2880', 'msp_2228', 'msp_0607', 'msp_2735', 'msp_1929', 'msp_1350', 'msp_0919', 'msp_1408', 'msp_1910', 'msp_1416', 'msp_0799', 'msp_1632', 'msp_1355', 'msp_1755', 'msp_0514', 'msp_2390', 'msp_0415', 'msp_2784', 'msp_1424', 'msp_2845', 'msp_0923', 'msp_2317', 'msp_1370', 'msp_1521', 'msp_1676', 'msp_1888', 'msp_2111', 'msp_1040c', 'msp_2429', 'msp_0684', 'msp_2313', 'msp_2242', 'msp_2539', 'msp_2438', 'msp_1249', 'msp_1920', 'msp_2569', 'msp_2901', 'msp_1401c', 'msp_1526', 'msp_2895', 'msp_2946', 'msp_2336', 'msp_1154', 'msp_0809', 'msp_2578', 'msp_2772', 'msp_2851', 'msp_1313', 'msp_1147', 'msp_1507', 'msp_1779c', 'msp_0051', 'msp_2716', 'msp_1597', 'msp_1856', 'msp_2319', 'msp_1273', 'msp_1274', 'msp_1890', 'msp_2930', 'msp_2865', 'msp_2010', 'msp_2819', 'msp_2485', 'msp_0658', 'msp_1996', 'msp_1711', 'msp_2891', 'msp_1830', 'msp_2191', 'msp_2842', 'msp_2142', 'msp_2056', 'msp_0912', 'msp_1849', 'msp_1695', 'msp_2074', 'msp_2513', 'msp_2699', 'msp_2321', 'msp_1283', 'msp_2727', 'msp_1025', 'msp_1335', 'msp_2808', 'msp_2659', 'msp_2861', 'msp_1376', 'msp_1878', 'msp_2738', 'msp_1616', 'msp_2810', 'msp_2292', 'msp_1598', 'msp_2133', 'msp_1944', 'msp_1150', 'msp_2287', 'msp_1294', 'msp_2386', 'msp_1516', 'msp_1014', 'msp_1398', 'msp_1095', 'msp_1990', 'msp_1494c', 'msp_2793', 'msp_2337', 'msp_2709', 'msp_1835', 'msp_1061c', 'msp_1438', 'msp_1988', 'msp_1144c', 'msp_2501', 'msp_2737', 'msp_1130', 'msp_2196', 'msp_1989', 'msp_1229', 'msp_2326', 'msp_2009', 'msp_2565', 'msp_2547', 'msp_1827', 'msp_1216', 'msp_2443', 'msp_1646', 'msp_1838', 'msp_2525', 'msp_2698', 'msp_1682c', 'msp_2296', 'msp_2058', 'msp_0774', 'msp_2062', 'msp_1741', 'msp_1941', 'msp_1536', 'msp_1073', 'msp_2231', 'msp_2529', 'msp_0721', 'msp_2742', 'msp_2176', 'msp_2232', 'msp_1359', 'msp_1454', 'msp_2439', 'msp_0420', 'msp_1514', 'msp_0980', 'msp_1860', 'msp_1549', 'msp_2261', 'msp_1678', 'msp_1301', 'msp_1152', 'msp_2006', 'msp_2695', 'msp_1978', 'msp_1735', 'msp_1586', 'msp_2868', 'msp_2472', 'msp_1426', 'msp_2151', 'msp_0797', 'msp_2947', 'msp_1882', 'msp_2259', 'msp_2236', 'msp_1760', 'msp_2515', 'msp_1982', 'msp_2036', 'msp_2857', 'msp_1768', 'msp_2209', 'msp_0589c', 'msp_2878', 'msp_1104', 'msp_0972', 'msp_0968c', 'msp_2256', 'msp_2053', 'msp_2831', 'msp_1182', 'msp_1002', 'msp_2141', 'msp_2410', 'msp_0483', 'msp_1504', 'msp_1887', 'msp_2534', 'msp_2283', 'msp_1321c', 'msp_1390', 'msp_2134', 'msp_2600', 'msp_0866c', 'msp_1757', 'msp_1889', 'msp_1555c', 'msp_1333', 'msp_1429', 'msp_1675', 'msp_1508', 'msp_2503', 'msp_1560', 'msp_0911', 'msp_2004', 'msp_1509', 'msp_2788', 'msp_1330', 'msp_1778', 'msp_1863', 'msp_1232', 'msp_2426', 'msp_2758', 'msp_1583', 'msp_1029', 'msp_1749', 'msp_2456', 'msp_1981', 'msp_1518', 'msp_1726', 'msp_1876', 'msp_2360', 'msp_2596', 'msp_0875', 'msp_2554', 'msp_2444', 'msp_1067', 'msp_1921', 'msp_2566', 'msp_1691', 'msp_1281', 'msp_2824', 'msp_2813', 'msp_2127', 'msp_2155', 'msp_2587', 'msp_2437', 'msp_2470', 'msp_1994', 'msp_2490', 'msp_0738', 'msp_0743', 'msp_1367', 'msp_1932', 'msp_2811', 'msp_1625', 'msp_2621', 'msp_1298', 'msp_2398', 'msp_2545', 'msp_2753', 'msp_2674', 'msp_2468', 'msp_2733', 'msp_1210', 'msp_1448', 'msp_2571', 'msp_0351', 'msp_1263c', 'msp_2731', 'msp_0491', 'msp_1840', 'msp_1780c', 'msp_2508', 'msp_1334', 'msp_1928', 'msp_2365', 'msp_1449', 'msp_1591', 'msp_1842', 'msp_1732', 'msp_0899', 'msp_0609', 'msp_1663', 'msp_1984', 'msp_0762', 'msp_1065', 'msp_0889', 'msp_2798', 'msp_1716', 'msp_2903', 'msp_1163', 'msp_1934', 'msp_2870', 'msp_1690', 'msp_2591', 'msp_1561', 'msp_2730', 'msp_0710', 'msp_2306', 'msp_2609', 'msp_2584', 'msp_2372', 'msp_2405', 'msp_1394', 'msp_2450', 'msp_2897', 'msp_2528', 'msp_2178', 'msp_2474', 'msp_1314', 'msp_1640', 'msp_2476', 'msp_2802', 'msp_2318', 'msp_2345', 'msp_1447', 'msp_1750', 'msp_2641', 'msp_1306c', 'msp_1202', 'msp_2949', 'msp_1502', 'msp_2500', 'msp_2879', 'msp_1501', 'msp_2899', 'msp_2335', 'msp_2007', 'msp_2076', 'msp_1493', 'msp_2212', 'msp_1819', 'msp_1192', 'msp_2724', 'msp_2507', 'msp_2325', 'msp_2768', 'msp_0099', 'msp_1266', 'msp_2441', 'msp_1024', 'msp_1326', 'msp_0470', 'msp_2460', 'msp_1661', 'msp_2855', 'msp_1746', 'msp_1740', 'msp_2195', 'msp_2161', 'msp_1742', 'msp_0857', 'msp_2896', 'msp_1987', 'msp_2432', 'msp_2078', 'msp_2000', 'msp_1405', 'msp_2005', 'msp_2910', 'msp_1774', 'msp_1867', 'msp_2637', 'msp_2905', 'msp_2491', 'msp_1490', 'msp_1670', 'msp_1497', 'msp_0523', 'msp_1900', 'msp_1317', 'msp_1500', 'msp_2908', 'msp_0962', 'msp_0248', 'msp_0519', 'msp_2557', 'msp_0975', 'msp_2039', 'msp_2573', 'msp_2796', 'msp_2328', 'msp_2351', 'msp_2462', 'msp_2262', 'msp_1895', 'msp_1745', 'msp_1167', 'msp_1539', 'msp_2756', 'msp_1451', 'msp_1636', 'msp_1169c', 'msp_1633', 'msp_1828', 'msp_1769', 'msp_1683', 'msp_1903', 'msp_2482', 'msp_1831', 'msp_2449', 'msp_2169', 'msp_2541', 'msp_1278', 'msp_2014', 'msp_0606', 'msp_2620', 'msp_0870', 'msp_2344', 'msp_0377', 'msp_2514', 'msp_1983', 'msp_1607c', 'msp_2864', 'msp_1395', 'msp_1979', 'msp_0550', 'msp_0332', 'msp_0913', 'msp_2453', 'msp_1262', 'msp_2054', 'msp_1517', 'msp_1993', 'msp_2289', 'msp_1286', 'msp_0211', 'msp_0934', 'msp_2749', 'msp_1310', 'msp_1719', 'msp_1916', 'msp_1834', 'msp_1885'}
[Time: 22.06.22 13:12:36] [Level: info] transition: await
[CTRL] GET /status
127.0.0.1 - - [22/Jun/2022 13:12:37] "GET /api/status HTTP/1.0" 200 126
127.0.0.1 - - [22/Jun/2022 13:12:37] "GET /api/data HTTP/1.0" 200 4953
[CTRL] GET /data
[Time: 22.06.22 13:12:37] [Level: info] state: await
[CTRL] POST /data
127.0.0.1 - - [22/Jun/2022 13:12:39] "POST /api/data?client=363e507a42dbb1d0 HTTP/1.0" 200 0
[Time: 22.06.22 13:12:39] [Level: info] Traceback (most recent call last):
  File "/usr/local/lib/python3.8/site-packages/FeatureCloud/app/engine/app.py", line 169, in guarded_run
    self.run()
  File "/usr/local/lib/python3.8/site-packages/FeatureCloud/app/engine/app.py", line 184, in run
    transition = self.current_state.run()
  File "/app/states.py", line 138, in run
    c.delete_columns(common_to_drop)
  File "/app/states.py", line 27, in delete_columns
    self.df = self.df.drop(columns=to_drop)
  File "/usr/local/lib/python3.8/site-packages/pandas/util/_decorators.py", line 311, in wrapper
    return func(*args, **kwargs)
  File "/usr/local/lib/python3.8/site-packages/pandas/core/frame.py", line 4954, in drop
    return super().drop(
  File "/usr/local/lib/python3.8/site-packages/pandas/core/generic.py", line 4267, in drop
    obj = obj._drop_axis(labels, axis, level=level, errors=errors)
  File "/usr/local/lib/python3.8/site-packages/pandas/core/generic.py", line 4311, in _drop_axis
    new_axis = axis.drop(labels, errors=errors)
  File "/usr/local/lib/python3.8/site-packages/pandas/core/indexes/base.py", line 6640, in drop
    indexer = self.get_indexer_for(labels)
  File "/usr/local/lib/python3.8/site-packages/pandas/core/indexes/base.py", line 5764, in get_indexer_for
    return self.get_indexer(target)
  File "/usr/local/lib/python3.8/site-packages/pandas/core/indexes/base.py", line 3784, in get_indexer
    return self._get_indexer(target, method, limit, tolerance)
  File "/usr/local/lib/python3.8/site-packages/pandas/core/indexes/base.py", line 3809, in _get_indexer
    indexer = self._engine.get_indexer(tgt_values)
  File "pandas/_libs/index.pyx", line 305, in pandas._libs.index.IndexEngine.get_indexer
  File "pandas/_libs/hashtable_class_helper.pxi", line 5247, in pandas._libs.hashtable.PyObjectHashTable.lookup
TypeError: unhashable type: 'set'

127.0.0.1 - - [22/Jun/2022 13:12:40] "GET /api/status HTTP/1.0" 200 133
[CTRL] GET /status
127.0.0.1 - - [22/Jun/2022 13:12:40] "POST /api/data?client=535fcf711d918b29 HTTP/1.0" 200 0
[CTRL] POST /data
