2022-06-21 14:56:23,232 CRIT Supervisor is running as root.  Privileges were not dropped because no user is specified in the config file.  If you intend to run as root, you can set user=root in the config file to avoid this message.
2022-06-21 14:56:23,235 INFO supervisord started with pid 8
2022-06-21 14:56:24,240 INFO spawned: 'nginx' with pid 11
2022-06-21 14:56:24,242 INFO spawned: 'app' with pid 12
Traceback (most recent call last):
  File "/app/main.py", line 14, in <module>
    app.register()
  File "/usr/local/lib/python3.8/site-packages/FeatureCloud/app/engine/app.py", line 202, in register
    state.register()
  File "/app/states.py", line 72, in register
    self.register_transition('await', Role.BOTH)
  File "/usr/local/lib/python3.8/site-packages/FeatureCloud/app/engine/app.py", line 424, in register_transition
    self._app.register_transition(f'{self.name}_{name}', self.name, target, participant, coordinator)
  File "/usr/local/lib/python3.8/site-packages/FeatureCloud/app/engine/app.py", line 287, in register_transition
    self.log(f'source state {source} not accessible for participants', level=LogLevel.FATAL)
  File "/usr/local/lib/python3.8/site-packages/FeatureCloud/app/engine/app.py", line 340, in log
    raise RuntimeError(msg)
RuntimeError: [Time: 21.06.22 14:56:24] [Level: fatal] source state aggregate not accessible for participants
2022-06-21 14:56:24,767 INFO exited: app (exit status 1; not expected)
2022-06-21 14:56:25,772 INFO success: nginx entered RUNNING state, process has stayed up for > than 1 seconds (startsecs)
2022-06-21 14:56:25,773 INFO spawned: 'app' with pid 21
Traceback (most recent call last):
  File "/app/main.py", line 14, in <module>
    app.register()
  File "/usr/local/lib/python3.8/site-packages/FeatureCloud/app/engine/app.py", line 202, in register
    state.register()
  File "/app/states.py", line 72, in register
    self.register_transition('await', Role.BOTH)
  File "/usr/local/lib/python3.8/site-packages/FeatureCloud/app/engine/app.py", line 424, in register_transition
    self._app.register_transition(f'{self.name}_{name}', self.name, target, participant, coordinator)
  File "/usr/local/lib/python3.8/site-packages/FeatureCloud/app/engine/app.py", line 287, in register_transition
    self.log(f'source state {source} not accessible for participants', level=LogLevel.FATAL)
  File "/usr/local/lib/python3.8/site-packages/FeatureCloud/app/engine/app.py", line 340, in log
    raise RuntimeError(msg)
RuntimeError: [Time: 21.06.22 14:56:26] [Level: fatal] source state aggregate not accessible for participants
2022-06-21 14:56:26,249 INFO exited: app (exit status 1; not expected)
2022-06-21 14:56:28,255 INFO spawned: 'app' with pid 26
Traceback (most recent call last):
  File "/app/main.py", line 14, in <module>
    app.register()
  File "/usr/local/lib/python3.8/site-packages/FeatureCloud/app/engine/app.py", line 202, in register
    state.register()
  File "/app/states.py", line 72, in register
    self.register_transition('await', Role.BOTH)
  File "/usr/local/lib/python3.8/site-packages/FeatureCloud/app/engine/app.py", line 424, in register_transition
    self._app.register_transition(f'{self.name}_{name}', self.name, target, participant, coordinator)
  File "/usr/local/lib/python3.8/site-packages/FeatureCloud/app/engine/app.py", line 287, in register_transition
    self.log(f'source state {source} not accessible for participants', level=LogLevel.FATAL)
  File "/usr/local/lib/python3.8/site-packages/FeatureCloud/app/engine/app.py", line 340, in log
    raise RuntimeError(msg)
RuntimeError: [Time: 21.06.22 14:56:28] [Level: fatal] source state aggregate not accessible for participants
2022-06-21 14:56:28,706 INFO exited: app (exit status 1; not expected)
2022-06-21 14:56:31,716 INFO spawned: 'app' with pid 31
Traceback (most recent call last):
  File "/app/main.py", line 14, in <module>
    app.register()
  File "/usr/local/lib/python3.8/site-packages/FeatureCloud/app/engine/app.py", line 202, in register
    state.register()
  File "/app/states.py", line 72, in register
    self.register_transition('await', Role.BOTH)
  File "/usr/local/lib/python3.8/site-packages/FeatureCloud/app/engine/app.py", line 424, in register_transition
    self._app.register_transition(f'{self.name}_{name}', self.name, target, participant, coordinator)
  File "/usr/local/lib/python3.8/site-packages/FeatureCloud/app/engine/app.py", line 287, in register_transition
    self.log(f'source state {source} not accessible for participants', level=LogLevel.FATAL)
  File "/usr/local/lib/python3.8/site-packages/FeatureCloud/app/engine/app.py", line 340, in log
    raise RuntimeError(msg)
RuntimeError: [Time: 21.06.22 14:56:32] [Level: fatal] source state aggregate not accessible for participants
2022-06-21 14:56:32,214 INFO exited: app (exit status 1; not expected)
2022-06-21 14:56:33,216 INFO gave up: app entered FATAL state, too many start retries too quickly
