2022-06-21 14:20:30,498 CRIT Supervisor is running as root.  Privileges were not dropped because no user is specified in the config file.  If you intend to run as root, you can set user=root in the config file to avoid this message.
2022-06-21 14:20:30,500 INFO supervisord started with pid 7
2022-06-21 14:20:31,505 INFO spawned: 'nginx' with pid 10
2022-06-21 14:20:31,513 INFO spawned: 'app' with pid 11
Bottle v0.12.21 server starting up (using WSGIRefServer())...
Listening on http://localhost:5000/
Hit Ctrl-C to quit.

2022-06-21 14:20:32,883 INFO success: nginx entered RUNNING state, process has stayed up for > than 1 seconds (startsecs)
2022-06-21 14:20:32,883 INFO success: app entered RUNNING state, process has stayed up for > than 1 seconds (startsecs)
[CTRL] POST /setup
[Time: 21.06.22 14:20:34] [Level: info] id: 0f9795137c7a90ba
[Time: 21.06.22 14:20:34] [Level: info] coordinator: False
[Time: 21.06.22 14:20:34] [Level: info] clients: ['07f8caafc1d85b61', '23ef0fd1bdc8718f', '35e392c873eb2583', 'd30a2a96746f7bf1', '92eb55b52fe1f94e', '6d4a555153d1f025', '0f9795137c7a90ba', '72ca263ba15bedbb']
[Time: 21.06.22 14:20:34] [Level: info] state: initial
127.0.0.1 - - [21/Jun/2022 14:20:34] "POST /api/setup HTTP/1.0" 200 0
[CTRL] GET /status
127.0.0.1 - - [21/Jun/2022 14:20:34] "GET /api/status HTTP/1.0" 200 129
[Time: 21.06.22 14:20:34] [Level: info] transition: await
[Time: 21.06.22 14:20:35] [Level: info] state: await
[CTRL] GET /status
127.0.0.1 - - [21/Jun/2022 14:20:37] "GET /api/status HTTP/1.0" 200 126
[CTRL] GET /data
127.0.0.1 - - [21/Jun/2022 14:20:37] "GET /api/data HTTP/1.0" 200 27614
[CTRL] POST /data
127.0.0.1 - - [21/Jun/2022 14:20:38] "POST /api/data?client=07f8caafc1d85b61 HTTP/1.0" 200 0
[Time: 21.06.22 14:20:38] [Level: info] [State: await] [Index(['HQ_clean_read_count', 'gut_mapped_read_count', 'gut_mapped_pc',
       'oral_mapped_read_count', 'oral_mapped_pc', 'MGS_10.4', 'MGS_8.4',
       'MGS_all', 'health_status', 'gender',
       ...
       'msp_2942', 'msp_2943', 'msp_2944', 'msp_2945', 'msp_2946', 'msp_2947',
       'msp_2948', 'msp_2949', 'msp_2950', 'msp_2951'],
      dtype='object', length=2476), Index(['HQ_clean_read_count', 'gut_mapped_read_count', 'gut_mapped_pc',
       'oral_mapped_read_count', 'oral_mapped_pc', 'MGS_10.4', 'MGS_8.4',
       'MGS_all', 'health_status', 'gender',
       ...
       'msp_2942', 'msp_2943', 'msp_2944', 'msp_2945', 'msp_2946', 'msp_2947',
       'msp_2948', 'msp_2949', 'msp_2950', 'msp_2951'],
      dtype='object', length=2476), Index(['HQ_clean_read_count', 'gut_mapped_read_count', 'gut_mapped_pc',
       'oral_mapped_read_count', 'oral_mapped_pc', 'MGS_10.4', 'MGS_8.4',
       'MGS_all', 'health_status', 'gender',
       ...
       'msp_2942', 'msp_2943', 'msp_2944', 'msp_2945', 'msp_2946', 'msp_2947',
       'msp_2948', 'msp_2949', 'msp_2950', 'msp_2951'],
      dtype='object', length=2476), Index(['HQ_clean_read_count', 'gut_mapped_read_count', 'gut_mapped_pc',
       'oral_mapped_read_count', 'oral_mapped_pc', 'MGS_10.4', 'MGS_8.4',
       'MGS_all', 'health_status', 'gender',
       ...
       'msp_2942', 'msp_2943', 'msp_2944', 'msp_2945', 'msp_2946', 'msp_2947',
       'msp_2948', 'msp_2949', 'msp_2950', 'msp_2951'],
      dtype='object', length=2476), Index(['HQ_clean_read_count', 'gut_mapped_read_count', 'gut_mapped_pc',
       'oral_mapped_read_count', 'oral_mapped_pc', 'MGS_10.4', 'MGS_8.4',
       'MGS_all', 'health_status', 'gender',
       ...
       'msp_2942', 'msp_2943', 'msp_2944', 'msp_2945', 'msp_2946', 'msp_2947',
       'msp_2948', 'msp_2949', 'msp_2950', 'msp_2951'],
      dtype='object', length=2476), Index(['HQ_clean_read_count', 'gut_mapped_read_count', 'gut_mapped_pc',
       'oral_mapped_read_count', 'oral_mapped_pc', 'MGS_10.4', 'MGS_8.4',
       'MGS_all', 'health_status', 'gender',
       ...
       'msp_2942', 'msp_2943', 'msp_2944', 'msp_2945', 'msp_2946', 'msp_2947',
       'msp_2948', 'msp_2949', 'msp_2950', 'msp_2951'],
      dtype='object', length=2476), Index(['HQ_clean_read_count', 'gut_mapped_read_count', 'gut_mapped_pc',
       'oral_mapped_read_count', 'oral_mapped_pc', 'MGS_10.4', 'MGS_8.4',
       'MGS_all', 'health_status', 'gender',
       ...
       'msp_2942', 'msp_2943', 'msp_2944', 'msp_2945', 'msp_2946', 'msp_2947',
       'msp_2948', 'msp_2949', 'msp_2950', 'msp_2951'],
      dtype='object', length=2476), Index(['HQ_clean_read_count', 'gut_mapped_read_count', 'gut_mapped_pc',
       'oral_mapped_read_count', 'oral_mapped_pc', 'MGS_10.4', 'MGS_8.4',
       'MGS_all', 'health_status', 'gender',
       ...
       'msp_2942', 'msp_2943', 'msp_2944', 'msp_2945', 'msp_2946', 'msp_2947',
       'msp_2948', 'msp_2949', 'msp_2950', 'msp_2951'],
      dtype='object', length=2476)]
[Time: 21.06.22 14:20:38] [Level: info] transition: terminal
[Time: 21.06.22 14:20:38] [Level: info] done
[CTRL] GET /status
127.0.0.1 - - [21/Jun/2022 14:20:40] "GET /api/status HTTP/1.0" 200 129
[CTRL] GET /status
127.0.0.1 - - [21/Jun/2022 14:20:43] "GET /api/status HTTP/1.0" 200 129
[CTRL] GET /status
127.0.0.1 - - [21/Jun/2022 14:20:46] "GET /api/status HTTP/1.0" 200 129
[CTRL] GET /status
127.0.0.1 - - [21/Jun/2022 14:20:49] "GET /api/status HTTP/1.0" 200 128
