2022-06-21 12:29:52,325 CRIT Supervisor is running as root.  Privileges were not dropped because no user is specified in the config file.  If you intend to run as root, you can set user=root in the config file to avoid this message.
2022-06-21 12:29:52,326 INFO supervisord started with pid 8
2022-06-21 12:29:53,329 INFO spawned: 'nginx' with pid 11
2022-06-21 12:29:53,331 INFO spawned: 'app' with pid 12
Traceback (most recent call last):
  File "/app/main.py", line 8, in <module>
    import states
  File "/app/states.py", line 28, in <module>
    @app_state('aggregation', Role.COORDINATOR)
NameError: name 'Role' is not defined
2022-06-21 12:29:53,757 INFO exited: app (exit status 1; not expected)
2022-06-21 12:29:54,760 INFO success: nginx entered RUNNING state, process has stayed up for > than 1 seconds (startsecs)
2022-06-21 12:29:54,765 INFO spawned: 'app' with pid 21
Traceback (most recent call last):
  File "/app/main.py", line 8, in <module>
    import states
  File "/app/states.py", line 28, in <module>
    @app_state('aggregation', Role.COORDINATOR)
NameError: name 'Role' is not defined
2022-06-21 12:29:55,177 INFO exited: app (exit status 1; not expected)
2022-06-21 12:29:57,186 INFO spawned: 'app' with pid 26
Traceback (most recent call last):
  File "/app/main.py", line 8, in <module>
    import states
  File "/app/states.py", line 28, in <module>
    @app_state('aggregation', Role.COORDINATOR)
NameError: name 'Role' is not defined
2022-06-21 12:29:57,606 INFO exited: app (exit status 1; not expected)
2022-06-21 12:30:00,613 INFO spawned: 'app' with pid 31
Traceback (most recent call last):
  File "/app/main.py", line 8, in <module>
    import states
  File "/app/states.py", line 28, in <module>
    @app_state('aggregation', Role.COORDINATOR)
NameError: name 'Role' is not defined
2022-06-21 12:30:01,066 INFO exited: app (exit status 1; not expected)
2022-06-21 12:30:02,068 INFO gave up: app entered FATAL state, too many start retries too quickly
