2022-06-21 15:06:24,647 CRIT Supervisor is running as root.  Privileges were not dropped because no user is specified in the config file.  If you intend to run as root, you can set user=root in the config file to avoid this message.
2022-06-21 15:06:24,648 INFO supervisord started with pid 7
2022-06-21 15:06:25,653 INFO spawned: 'nginx' with pid 10
2022-06-21 15:06:25,656 INFO spawned: 'app' with pid 11
Traceback (most recent call last):
  File "/app/main.py", line 14, in <module>
    app.register()
  File "/usr/local/lib/python3.8/site-packages/FeatureCloud/app/engine/app.py", line 202, in register
    state.register()
  File "/app/states.py", line 59, in register
    self.register_transition('await', Role.BOTH)
  File "/usr/local/lib/python3.8/site-packages/FeatureCloud/app/engine/app.py", line 424, in register_transition
    self._app.register_transition(f'{self.name}_{name}', self.name, target, participant, coordinator)
  File "/usr/local/lib/python3.8/site-packages/FeatureCloud/app/engine/app.py", line 287, in register_transition
    self.log(f'source state {source} not accessible for participants', level=LogLevel.FATAL)
  File "/usr/local/lib/python3.8/site-packages/FeatureCloud/app/engine/app.py", line 340, in log
    raise RuntimeError(msg)
RuntimeError: [Time: 21.06.22 15:06:26] [Level: fatal] source state aggregate not accessible for participants
2022-06-21 15:06:26,098 INFO exited: app (exit status 1; not expected)
2022-06-21 15:06:27,105 INFO success: nginx entered RUNNING state, process has stayed up for > than 1 seconds (startsecs)
2022-06-21 15:06:27,108 INFO spawned: 'app' with pid 20
Traceback (most recent call last):
  File "/app/main.py", line 14, in <module>
    app.register()
  File "/usr/local/lib/python3.8/site-packages/FeatureCloud/app/engine/app.py", line 202, in register
    state.register()
  File "/app/states.py", line 59, in register
    self.register_transition('await', Role.BOTH)
  File "/usr/local/lib/python3.8/site-packages/FeatureCloud/app/engine/app.py", line 424, in register_transition
    self._app.register_transition(f'{self.name}_{name}', self.name, target, participant, coordinator)
  File "/usr/local/lib/python3.8/site-packages/FeatureCloud/app/engine/app.py", line 287, in register_transition
    self.log(f'source state {source} not accessible for participants', level=LogLevel.FATAL)
  File "/usr/local/lib/python3.8/site-packages/FeatureCloud/app/engine/app.py", line 340, in log
    raise RuntimeError(msg)
RuntimeError: [Time: 21.06.22 15:06:27] [Level: fatal] source state aggregate not accessible for participants
2022-06-21 15:06:27,562 INFO exited: app (exit status 1; not expected)
2022-06-21 15:06:29,568 INFO spawned: 'app' with pid 25
Traceback (most recent call last):
  File "/app/main.py", line 14, in <module>
    app.register()
  File "/usr/local/lib/python3.8/site-packages/FeatureCloud/app/engine/app.py", line 202, in register
    state.register()
  File "/app/states.py", line 59, in register
    self.register_transition('await', Role.BOTH)
  File "/usr/local/lib/python3.8/site-packages/FeatureCloud/app/engine/app.py", line 424, in register_transition
    self._app.register_transition(f'{self.name}_{name}', self.name, target, participant, coordinator)
  File "/usr/local/lib/python3.8/site-packages/FeatureCloud/app/engine/app.py", line 287, in register_transition
    self.log(f'source state {source} not accessible for participants', level=LogLevel.FATAL)
  File "/usr/local/lib/python3.8/site-packages/FeatureCloud/app/engine/app.py", line 340, in log
    raise RuntimeError(msg)
RuntimeError: [Time: 21.06.22 15:06:29] [Level: fatal] source state aggregate not accessible for participants
2022-06-21 15:06:30,012 INFO exited: app (exit status 1; not expected)
2022-06-21 15:06:33,021 INFO spawned: 'app' with pid 30
Traceback (most recent call last):
  File "/app/main.py", line 14, in <module>
    app.register()
  File "/usr/local/lib/python3.8/site-packages/FeatureCloud/app/engine/app.py", line 202, in register
    state.register()
  File "/app/states.py", line 59, in register
    self.register_transition('await', Role.BOTH)
  File "/usr/local/lib/python3.8/site-packages/FeatureCloud/app/engine/app.py", line 424, in register_transition
    self._app.register_transition(f'{self.name}_{name}', self.name, target, participant, coordinator)
  File "/usr/local/lib/python3.8/site-packages/FeatureCloud/app/engine/app.py", line 287, in register_transition
    self.log(f'source state {source} not accessible for participants', level=LogLevel.FATAL)
  File "/usr/local/lib/python3.8/site-packages/FeatureCloud/app/engine/app.py", line 340, in log
    raise RuntimeError(msg)
RuntimeError: [Time: 21.06.22 15:06:33] [Level: fatal] source state aggregate not accessible for participants
2022-06-21 15:06:33,467 INFO exited: app (exit status 1; not expected)
2022-06-21 15:06:34,468 INFO gave up: app entered FATAL state, too many start retries too quickly
