2022-06-22 12:59:25,674 CRIT Supervisor is running as root.  Privileges were not dropped because no user is specified in the config file.  If you intend to run as root, you can set user=root in the config file to avoid this message.
2022-06-22 12:59:25,676 INFO supervisord started with pid 8
2022-06-22 12:59:26,680 INFO spawned: 'nginx' with pid 11
2022-06-22 12:59:26,683 INFO spawned: 'app' with pid 12
2022-06-22 12:59:27,718 INFO success: nginx entered RUNNING state, process has stayed up for > than 1 seconds (startsecs)
2022-06-22 12:59:27,719 INFO success: app entered RUNNING state, process has stayed up for > than 1 seconds (startsecs)
Bottle v0.12.21 server starting up (using WSGIRefServer())...
Listening on http://localhost:5000/
Hit Ctrl-C to quit.

[CTRL] POST /setup
[Time: 22.06.22 12:59:33] [Level: info] id: 80e7ae4f4476be72
[Time: 22.06.22 12:59:33] [Level: info] coordinator: False
[Time: 22.06.22 12:59:33] [Level: info] clients: ['80e7ae4f4476be72', 'e5eecf21273d7634', '848c0a11729b7ae8']
127.0.0.1 - - [22/Jun/2022 12:59:33] "POST /api/setup HTTP/1.0" 200 0
[Time: 22.06.22 12:59:33] [Level: info] state: initial
[Time: 22.06.22 12:59:33] [Level: info] transition: read
[CTRL] GET /status
127.0.0.1 - - [22/Jun/2022 12:59:33] "GET /api/status HTTP/1.0" 200 126
[Time: 22.06.22 12:59:34] [Level: info] state: read
[Time: 22.06.22 12:59:34] [Level: info] transition: send_empty_columns
[Time: 22.06.22 12:59:35] [Level: info] state: send_empty_columns
[Time: 22.06.22 12:59:35] [Level: info] [State: send_empty_columns] empty columns:
[Time: 22.06.22 12:59:35] [Level: info] [State: send_empty_columns] Index(['msp_0004', 'msp_0051', 'msp_0078', 'msp_0096', 'msp_0099', 'msp_0101',
       'msp_0115c', 'msp_0116', 'msp_0169', 'msp_0190',
       ...
       'msp_2908', 'msp_2910', 'msp_2915', 'msp_2930', 'msp_2945', 'msp_2946',
       'msp_2947', 'msp_2948', 'msp_2949', 'msp_2951'],
      dtype='object', length=826)
[Time: 22.06.22 12:59:35] [Level: info] transition: await
127.0.0.1 - - [22/Jun/2022 12:59:36] "GET /api/status HTTP/1.0" 200 126
[CTRL] GET /status
[CTRL] GET /data
127.0.0.1 - - [22/Jun/2022 12:59:36] "GET /api/data HTTP/1.0" 200 4
[Time: 22.06.22 12:59:36] [Level: info] state: await
[CTRL] GET /status
127.0.0.1 - - [22/Jun/2022 12:59:39] "GET /api/status HTTP/1.0" 200 126
[CTRL] GET /data
127.0.0.1 - - [22/Jun/2022 12:59:39] "GET /api/data HTTP/1.0" 200 9351
[CTRL] POST /data
127.0.0.1 - - [22/Jun/2022 12:59:39] "POST /api/data?client=848c0a11729b7ae8 HTTP/1.0" 200 0
[Time: 22.06.22 12:59:39] [Level: info] Traceback (most recent call last):
  File "/usr/local/lib/python3.8/site-packages/FeatureCloud/app/engine/app.py", line 169, in guarded_run
    self.run()
  File "/usr/local/lib/python3.8/site-packages/FeatureCloud/app/engine/app.py", line 184, in run
    transition = self.current_state.run()
  File "/app/states.py", line 136, in run
    c.delete_columns(common_to_drop)
  File "/app/states.py", line 27, in delete_columns
    self.df = self.df.drop(columns=to_drop)
  File "/usr/local/lib/python3.8/site-packages/pandas/util/_decorators.py", line 311, in wrapper
    return func(*args, **kwargs)
  File "/usr/local/lib/python3.8/site-packages/pandas/core/frame.py", line 4954, in drop
    return super().drop(
  File "/usr/local/lib/python3.8/site-packages/pandas/core/generic.py", line 4267, in drop
    obj = obj._drop_axis(labels, axis, level=level, errors=errors)
  File "/usr/local/lib/python3.8/site-packages/pandas/core/generic.py", line 4311, in _drop_axis
    new_axis = axis.drop(labels, errors=errors)
  File "/usr/local/lib/python3.8/site-packages/pandas/core/indexes/base.py", line 6644, in drop
    raise KeyError(f"{list(labels[mask])} not found in axis")
KeyError: "['p', 's', 'm', '_'] not found in axis"

