2022-06-22 12:57:13,303 CRIT Supervisor is running as root.  Privileges were not dropped because no user is specified in the config file.  If you intend to run as root, you can set user=root in the config file to avoid this message.
2022-06-22 12:57:13,307 INFO supervisord started with pid 8
2022-06-22 12:57:14,309 INFO spawned: 'nginx' with pid 11
2022-06-22 12:57:14,311 INFO spawned: 'app' with pid 12
Bottle v0.12.21 server starting up (using WSGIRefServer())...
Listening on http://localhost:5000/
Hit Ctrl-C to quit.

2022-06-22 12:57:16,126 INFO success: nginx entered RUNNING state, process has stayed up for > than 1 seconds (startsecs)
2022-06-22 12:57:16,126 INFO success: app entered RUNNING state, process has stayed up for > than 1 seconds (startsecs)
[CTRL] POST /setup
[Time: 22.06.22 12:57:19] [Level: info] id: b283c571cfb804db
[Time: 22.06.22 12:57:19] [Level: info] coordinator: False
[Time: 22.06.22 12:57:19] [Level: info] clients: ['f74b0ac68e208721', 'b283c571cfb804db', 'ea5ee1f62b24ba4d']
[Time: 22.06.22 12:57:19] [Level: info] state: initial
[Time: 22.06.22 12:57:19] [Level: info] transition: read
127.0.0.1 - - [22/Jun/2022 12:57:19] "POST /api/setup HTTP/1.0" 200 0
[CTRL] GET /status
127.0.0.1 - - [22/Jun/2022 12:57:19] "GET /api/status HTTP/1.0" 200 126
[Time: 22.06.22 12:57:20] [Level: info] state: read
[Time: 22.06.22 12:57:20] [Level: info] transition: await
[Time: 22.06.22 12:57:21] [Level: info] state: await
[CTRL] GET /status
127.0.0.1 - - [22/Jun/2022 12:57:22] "GET /api/status HTTP/1.0" 200 126
[CTRL] GET /data
127.0.0.1 - - [22/Jun/2022 12:57:22] "GET /api/data HTTP/1.0" 200 4
[CTRL] GET /status
127.0.0.1 - - [22/Jun/2022 12:57:25] "GET /api/status HTTP/1.0" 200 127
