2022-06-21 12:31:39,934 CRIT Supervisor is running as root.  Privileges were not dropped because no user is specified in the config file.  If you intend to run as root, you can set user=root in the config file to avoid this message.
2022-06-21 12:31:39,937 INFO supervisord started with pid 7
2022-06-21 12:31:40,908 INFO spawned: 'nginx' with pid 10
2022-06-21 12:31:40,915 INFO spawned: 'app' with pid 11
Traceback (most recent call last):
  File "/app/main.py", line 14, in <module>
    app.register()
  File "/usr/local/lib/python3.8/site-packages/FeatureCloud/app/engine/app.py", line 202, in register
    state.register()
  File "/app/states.py", line 13, in register
    self.register_transition('aggregate', Role.COORDINATOR)
  File "/usr/local/lib/python3.8/site-packages/FeatureCloud/app/engine/app.py", line 424, in register_transition
    self._app.register_transition(f'{self.name}_{name}', self.name, target, participant, coordinator)
  File "/usr/local/lib/python3.8/site-packages/FeatureCloud/app/engine/app.py", line 293, in register_transition
    self.log(f'target state {target} not found', level=LogLevel.FATAL)
  File "/usr/local/lib/python3.8/site-packages/FeatureCloud/app/engine/app.py", line 340, in log
    raise RuntimeError(msg)
RuntimeError: [Time: 21.06.22 12:31:41] [Level: fatal] target state aggregate not found
2022-06-21 12:31:41,417 INFO exited: app (exit status 1; not expected)
2022-06-21 12:31:42,419 INFO success: nginx entered RUNNING state, process has stayed up for > than 1 seconds (startsecs)
2022-06-21 12:31:42,423 INFO spawned: 'app' with pid 20
Traceback (most recent call last):
  File "/app/main.py", line 14, in <module>
    app.register()
  File "/usr/local/lib/python3.8/site-packages/FeatureCloud/app/engine/app.py", line 202, in register
    state.register()
  File "/app/states.py", line 13, in register
    self.register_transition('aggregate', Role.COORDINATOR)
  File "/usr/local/lib/python3.8/site-packages/FeatureCloud/app/engine/app.py", line 424, in register_transition
    self._app.register_transition(f'{self.name}_{name}', self.name, target, participant, coordinator)
  File "/usr/local/lib/python3.8/site-packages/FeatureCloud/app/engine/app.py", line 293, in register_transition
    self.log(f'target state {target} not found', level=LogLevel.FATAL)
  File "/usr/local/lib/python3.8/site-packages/FeatureCloud/app/engine/app.py", line 340, in log
    raise RuntimeError(msg)
RuntimeError: [Time: 21.06.22 12:31:42] [Level: fatal] target state aggregate not found
2022-06-21 12:31:42,883 INFO exited: app (exit status 1; not expected)
2022-06-21 12:31:44,890 INFO spawned: 'app' with pid 25
Traceback (most recent call last):
  File "/app/main.py", line 14, in <module>
    app.register()
  File "/usr/local/lib/python3.8/site-packages/FeatureCloud/app/engine/app.py", line 202, in register
    state.register()
  File "/app/states.py", line 13, in register
    self.register_transition('aggregate', Role.COORDINATOR)
  File "/usr/local/lib/python3.8/site-packages/FeatureCloud/app/engine/app.py", line 424, in register_transition
    self._app.register_transition(f'{self.name}_{name}', self.name, target, participant, coordinator)
  File "/usr/local/lib/python3.8/site-packages/FeatureCloud/app/engine/app.py", line 293, in register_transition
    self.log(f'target state {target} not found', level=LogLevel.FATAL)
  File "/usr/local/lib/python3.8/site-packages/FeatureCloud/app/engine/app.py", line 340, in log
    raise RuntimeError(msg)
RuntimeError: [Time: 21.06.22 12:31:45] [Level: fatal] target state aggregate not found
2022-06-21 12:31:45,360 INFO exited: app (exit status 1; not expected)
2022-06-21 12:31:48,372 INFO spawned: 'app' with pid 30
Traceback (most recent call last):
  File "/app/main.py", line 14, in <module>
    app.register()
  File "/usr/local/lib/python3.8/site-packages/FeatureCloud/app/engine/app.py", line 202, in register
    state.register()
  File "/app/states.py", line 13, in register
    self.register_transition('aggregate', Role.COORDINATOR)
  File "/usr/local/lib/python3.8/site-packages/FeatureCloud/app/engine/app.py", line 424, in register_transition
    self._app.register_transition(f'{self.name}_{name}', self.name, target, participant, coordinator)
  File "/usr/local/lib/python3.8/site-packages/FeatureCloud/app/engine/app.py", line 293, in register_transition
    self.log(f'target state {target} not found', level=LogLevel.FATAL)
  File "/usr/local/lib/python3.8/site-packages/FeatureCloud/app/engine/app.py", line 340, in log
    raise RuntimeError(msg)
RuntimeError: [Time: 21.06.22 12:31:48] [Level: fatal] target state aggregate not found
2022-06-21 12:31:48,849 INFO exited: app (exit status 1; not expected)
2022-06-21 12:31:49,850 INFO gave up: app entered FATAL state, too many start retries too quickly
