2022-06-22 12:47:55,193 CRIT Supervisor is running as root.  Privileges were not dropped because no user is specified in the config file.  If you intend to run as root, you can set user=root in the config file to avoid this message.
2022-06-22 12:47:55,195 INFO supervisord started with pid 9
2022-06-22 12:47:56,203 INFO spawned: 'nginx' with pid 12
2022-06-22 12:47:56,211 INFO spawned: 'app' with pid 13
Bottle v0.12.21 server starting up (using WSGIRefServer())...
Listening on http://localhost:5000/
Hit Ctrl-C to quit.

2022-06-22 12:47:58,009 INFO success: nginx entered RUNNING state, process has stayed up for > than 1 seconds (startsecs)
2022-06-22 12:47:58,009 INFO success: app entered RUNNING state, process has stayed up for > than 1 seconds (startsecs)
[CTRL] POST /setup
[Time: 22.06.22 12:47:59] [Level: info] id: c65d0c608ce407d0
[Time: 22.06.22 12:47:59] [Level: info] coordinator: False
[Time: 22.06.22 12:47:59] [Level: info] clients: ['c65d0c608ce407d0', '4e94ece8afe9c723', '6e8fa0d32b85e7d5']
[Time: 22.06.22 12:47:59] [Level: info] state: initial
[Time: 22.06.22 12:47:59] [Level: info] transition: read
127.0.0.1 - - [22/Jun/2022 12:47:59] "POST /api/setup HTTP/1.0" 200 0
[CTRL] GET /status
127.0.0.1 - - [22/Jun/2022 12:47:59] "GET /api/status HTTP/1.0" 200 126
[Time: 22.06.22 12:48:00] [Level: info] state: read
[Time: 22.06.22 12:48:00] [Level: info] transition: send_empty_columns
[Time: 22.06.22 12:48:01] [Level: info] state: send_empty_columns
[Time: 22.06.22 12:48:01] [Level: info] transition: await
127.0.0.1 - - [22/Jun/2022 12:48:02] "GET /api/status HTTP/1.0" 200 126
[CTRL] GET /status
[CTRL] GET /data
127.0.0.1 - - [22/Jun/2022 12:48:02] "GET /api/data HTTP/1.0" 200 4
[Time: 22.06.22 12:48:02] [Level: info] state: await
[CTRL] GET /status
127.0.0.1 - - [22/Jun/2022 12:48:05] "GET /api/status HTTP/1.0" 200 126
[CTRL] GET /data
127.0.0.1 - - [22/Jun/2022 12:48:05] "GET /api/data HTTP/1.0" 200 9351
[CTRL] POST /data
127.0.0.1 - - [22/Jun/2022 12:48:06] "POST /api/data?client=6e8fa0d32b85e7d5 HTTP/1.0" 200 0
[Time: 22.06.22 12:48:06] [Level: info] Traceback (most recent call last):
  File "/usr/local/lib/python3.8/site-packages/FeatureCloud/app/engine/app.py", line 169, in guarded_run
    self.run()
  File "/usr/local/lib/python3.8/site-packages/FeatureCloud/app/engine/app.py", line 184, in run
    transition = self.current_state.run()
  File "/app/states.py", line 133, in run
    c.delete_columns(common_to_drop)
  File "/app/states.py", line 27, in delete_columns
    self.df = self.df.drop(columns=to_drop)
  File "/usr/local/lib/python3.8/site-packages/pandas/util/_decorators.py", line 311, in wrapper
    return func(*args, **kwargs)
  File "/usr/local/lib/python3.8/site-packages/pandas/core/frame.py", line 4954, in drop
    return super().drop(
  File "/usr/local/lib/python3.8/site-packages/pandas/core/generic.py", line 4267, in drop
    obj = obj._drop_axis(labels, axis, level=level, errors=errors)
  File "/usr/local/lib/python3.8/site-packages/pandas/core/generic.py", line 4311, in _drop_axis
    new_axis = axis.drop(labels, errors=errors)
  File "/usr/local/lib/python3.8/site-packages/pandas/core/indexes/base.py", line 6644, in drop
    raise KeyError(f"{list(labels[mask])} not found in axis")
KeyError: "['_', 'p', 'm', 's'] not found in axis"

