2022-06-22 12:50:10,043 CRIT Supervisor is running as root.  Privileges were not dropped because no user is specified in the config file.  If you intend to run as root, you can set user=root in the config file to avoid this message.
2022-06-22 12:50:10,045 INFO supervisord started with pid 7
2022-06-22 12:50:11,047 INFO spawned: 'nginx' with pid 10
2022-06-22 12:50:11,050 INFO spawned: 'app' with pid 11
Bottle v0.12.21 server starting up (using WSGIRefServer())...
Listening on http://localhost:5000/
Hit Ctrl-C to quit.

2022-06-22 12:50:12,953 INFO success: nginx entered RUNNING state, process has stayed up for > than 1 seconds (startsecs)
2022-06-22 12:50:12,954 INFO success: app entered RUNNING state, process has stayed up for > than 1 seconds (startsecs)
[CTRL] POST /setup
[Time: 22.06.22 12:50:21] [Level: info] id: c3947fda386cc7d0
[Time: 22.06.22 12:50:21] [Level: info] coordinator: True
[Time: 22.06.22 12:50:21] [Level: info] clients: ['32170886e8afa6c7', 'c3947fda386cc7d0']
[Time: 22.06.22 12:50:21] [Level: info] state: initial
[Time: 22.06.22 12:50:21] [Level: info] transition: read
127.0.0.1 - - [22/Jun/2022 12:50:21] "POST /api/setup HTTP/1.0" 200 0
[CTRL] GET /status
127.0.0.1 - - [22/Jun/2022 12:50:21] "GET /api/status HTTP/1.0" 200 126
[Time: 22.06.22 12:50:22] [Level: info] state: read
[Time: 22.06.22 12:50:22] [Level: info] transition: aggregate_contributions
[Time: 22.06.22 12:50:23] [Level: info] state: aggregate_contributions
[CTRL] GET /status
127.0.0.1 - - [22/Jun/2022 12:50:24] "GET /api/status HTTP/1.0" 200 145
127.0.0.1 - - [22/Jun/2022 12:50:26] "POST /api/data?client=32170886e8afa6c7 HTTP/1.0" 200 0
[CTRL] POST /data
[Time: 22.06.22 12:50:26] [Level: info] transition: send_empty_columns
[CTRL] GET /status
127.0.0.1 - - [22/Jun/2022 12:50:27] "GET /api/status HTTP/1.0" 200 140
[Time: 22.06.22 12:50:27] [Level: info] state: send_empty_columns
[Time: 22.06.22 12:50:27] [Level: info] [State: send_empty_columns] Index(['msp_0051', 'msp_0078', 'msp_0082c', 'msp_0094', 'msp_0097', 'msp_0099',
       'msp_0102', 'msp_0122', 'msp_0149', 'msp_0155',
       ...
       'msp_2917', 'msp_2920', 'msp_2924', 'msp_2928', 'msp_2930', 'msp_2936',
       'msp_2939', 'msp_2946', 'msp_2947', 'msp_2949'],
      dtype='object', length=691)
[Time: 22.06.22 12:50:27] [Level: info] transition: aggregate_columns_to_drop
[Time: 22.06.22 12:50:28] [Level: info] state: aggregate_columns_to_drop
[Time: 22.06.22 12:50:28] [Level: info] [State: aggregate_columns_to_drop] {'p', 'm', 's', '_'}
[Time: 22.06.22 12:50:28] [Level: info] transition: await
[CTRL] POST /data
127.0.0.1 - - [22/Jun/2022 12:50:29] "POST /api/data?client=32170886e8afa6c7 HTTP/1.0" 200 0
[Time: 22.06.22 12:50:29] [Level: info] state: await
[Time: 22.06.22 12:50:29] [Level: info] Traceback (most recent call last):
  File "/usr/local/lib/python3.8/site-packages/FeatureCloud/app/engine/app.py", line 169, in guarded_run
    self.run()
  File "/usr/local/lib/python3.8/site-packages/FeatureCloud/app/engine/app.py", line 184, in run
    transition = self.current_state.run()
  File "/app/states.py", line 135, in run
    c.delete_columns(common_to_drop)
  File "/app/states.py", line 27, in delete_columns
    self.df = self.df.drop(columns=to_drop)
  File "/usr/local/lib/python3.8/site-packages/pandas/util/_decorators.py", line 311, in wrapper
    return func(*args, **kwargs)
  File "/usr/local/lib/python3.8/site-packages/pandas/core/frame.py", line 4954, in drop
    return super().drop(
  File "/usr/local/lib/python3.8/site-packages/pandas/core/generic.py", line 4267, in drop
    obj = obj._drop_axis(labels, axis, level=level, errors=errors)
  File "/usr/local/lib/python3.8/site-packages/pandas/core/generic.py", line 4311, in _drop_axis
    new_axis = axis.drop(labels, errors=errors)
  File "/usr/local/lib/python3.8/site-packages/pandas/core/indexes/base.py", line 6644, in drop
    raise KeyError(f"{list(labels[mask])} not found in axis")
KeyError: "['s', '_', 'm', 'p'] not found in axis"

[CTRL] GET /status
127.0.0.1 - - [22/Jun/2022 12:50:30] "GET /api/status HTTP/1.0" 200 131
[CTRL] GET /data
127.0.0.1 - - [22/Jun/2022 12:50:30] "GET /api/data HTTP/1.0" 200 32
