2022-06-21 12:28:06,639 CRIT Supervisor is running as root.  Privileges were not dropped because no user is specified in the config file.  If you intend to run as root, you can set user=root in the config file to avoid this message.
2022-06-21 12:28:06,641 INFO supervisord started with pid 9
2022-06-21 12:28:07,648 INFO spawned: 'nginx' with pid 12
2022-06-21 12:28:07,652 INFO spawned: 'app' with pid 13
Traceback (most recent call last):
  File "/app/main.py", line 8, in <module>
    import states
  File "/app/states.py", line 28, in <module>
    @app_state('aggregation', Role.COORDINATOR)
NameError: name 'Role' is not defined
2022-06-21 12:28:08,629 INFO exited: app (exit status 1; not expected)
2022-06-21 12:28:09,636 INFO success: nginx entered RUNNING state, process has stayed up for > than 1 seconds (startsecs)
2022-06-21 12:28:09,642 INFO spawned: 'app' with pid 22
Traceback (most recent call last):
  File "/app/main.py", line 8, in <module>
    import states
  File "/app/states.py", line 28, in <module>
    @app_state('aggregation', Role.COORDINATOR)
NameError: name 'Role' is not defined
2022-06-21 12:28:10,094 INFO exited: app (exit status 1; not expected)
2022-06-21 12:28:13,069 INFO spawned: 'app' with pid 27
Traceback (most recent call last):
  File "/app/main.py", line 8, in <module>
    import states
  File "/app/states.py", line 28, in <module>
    @app_state('aggregation', Role.COORDINATOR)
NameError: name 'Role' is not defined
2022-06-21 12:28:13,543 INFO exited: app (exit status 1; not expected)
2022-06-21 12:28:16,549 INFO spawned: 'app' with pid 32
Traceback (most recent call last):
  File "/app/main.py", line 8, in <module>
    import states
  File "/app/states.py", line 28, in <module>
    @app_state('aggregation', Role.COORDINATOR)
NameError: name 'Role' is not defined
2022-06-21 12:28:17,053 INFO exited: app (exit status 1; not expected)
2022-06-21 12:28:18,054 INFO gave up: app entered FATAL state, too many start retries too quickly
