2022-06-22 12:57:08,778 CRIT Supervisor is running as root.  Privileges were not dropped because no user is specified in the config file.  If you intend to run as root, you can set user=root in the config file to avoid this message.
2022-06-22 12:57:08,780 INFO supervisord started with pid 8
2022-06-22 12:57:09,784 INFO spawned: 'nginx' with pid 11
2022-06-22 12:57:09,787 INFO spawned: 'app' with pid 12
Bottle v0.12.21 server starting up (using WSGIRefServer())...
Listening on http://localhost:5000/
Hit Ctrl-C to quit.

2022-06-22 12:57:11,755 INFO success: nginx entered RUNNING state, process has stayed up for > than 1 seconds (startsecs)
2022-06-22 12:57:11,756 INFO success: app entered RUNNING state, process has stayed up for > than 1 seconds (startsecs)
[CTRL] POST /setup
[Time: 22.06.22 12:57:19] [Level: info] id: ea5ee1f62b24ba4d
[Time: 22.06.22 12:57:19] [Level: info] coordinator: True
[Time: 22.06.22 12:57:19] [Level: info] clients: ['f74b0ac68e208721', 'b283c571cfb804db', 'ea5ee1f62b24ba4d']
127.0.0.1 - - [22/Jun/2022 12:57:19] "POST /api/setup HTTP/1.0" 200 0
[Time: 22.06.22 12:57:19] [Level: info] state: initial
[Time: 22.06.22 12:57:19] [Level: info] transition: read
[CTRL] GET /status
127.0.0.1 - - [22/Jun/2022 12:57:19] "GET /api/status HTTP/1.0" 200 126
[Time: 22.06.22 12:57:20] [Level: info] state: read
[Time: 22.06.22 12:57:20] [Level: info] transition: aggregate_contributions
[Time: 22.06.22 12:57:21] [Level: info] state: aggregate_contributions
[CTRL] GET /status
127.0.0.1 - - [22/Jun/2022 12:57:22] "GET /api/status HTTP/1.0" 200 145
[CTRL] POST /data
127.0.0.1 - - [22/Jun/2022 12:57:22] "POST /api/data?client=b283c571cfb804db HTTP/1.0" 200 0
[CTRL] POST /data
127.0.0.1 - - [22/Jun/2022 12:57:24] "POST /api/data?client=f74b0ac68e208721 HTTP/1.0" 200 0
[Time: 22.06.22 12:57:24] [Level: info] transition: send_empty_columns
[CTRL] GET /status
127.0.0.1 - - [22/Jun/2022 12:57:25] "GET /api/status HTTP/1.0" 200 140
[Time: 22.06.22 12:57:25] [Level: info] state: send_empty_columns
[Time: 22.06.22 12:57:25] [Level: info] transition: aggregate_columns_to_drop
[Time: 22.06.22 12:57:26] [Level: info] state: aggregate_columns_to_drop
[Time: 22.06.22 12:57:26] [Level: info] [State: aggregate_columns_to_drop] {'_', 'm', 'p', 's'}
[Time: 22.06.22 12:57:26] [Level: info] transition: await
127.0.0.1 - - [22/Jun/2022 12:57:27] "POST /api/data?client=f74b0ac68e208721 HTTP/1.0" 200 0
[CTRL] POST /data
[Time: 22.06.22 12:57:27] [Level: info] state: await
[Time: 22.06.22 12:57:27] [Level: info] Traceback (most recent call last):
  File "/usr/local/lib/python3.8/site-packages/FeatureCloud/app/engine/app.py", line 169, in guarded_run
    self.run()
  File "/usr/local/lib/python3.8/site-packages/FeatureCloud/app/engine/app.py", line 184, in run
    transition = self.current_state.run()
  File "/app/states.py", line 133, in run
    c.delete_columns(common_to_drop)
  File "/app/states.py", line 27, in delete_columns
    self.df = self.df.drop(columns=to_drop)
  File "/usr/local/lib/python3.8/site-packages/pandas/util/_decorators.py", line 311, in wrapper
    return func(*args, **kwargs)
  File "/usr/local/lib/python3.8/site-packages/pandas/core/frame.py", line 4954, in drop
    return super().drop(
  File "/usr/local/lib/python3.8/site-packages/pandas/core/generic.py", line 4267, in drop
    obj = obj._drop_axis(labels, axis, level=level, errors=errors)
  File "/usr/local/lib/python3.8/site-packages/pandas/core/generic.py", line 4311, in _drop_axis
    new_axis = axis.drop(labels, errors=errors)
  File "/usr/local/lib/python3.8/site-packages/pandas/core/indexes/base.py", line 6644, in drop
    raise KeyError(f"{list(labels[mask])} not found in axis")
KeyError: "['_', 'm', 'p', 's'] not found in axis"

[CTRL] GET /status
127.0.0.1 - - [22/Jun/2022 12:57:28] "GET /api/status HTTP/1.0" 200 131
[CTRL] GET /data
127.0.0.1 - - [22/Jun/2022 12:57:28] "GET /api/data HTTP/1.0" 200 32
