2022-06-21 14:20:21,599 CRIT Supervisor is running as root.  Privileges were not dropped because no user is specified in the config file.  If you intend to run as root, you can set user=root in the config file to avoid this message.
2022-06-21 14:20:21,601 INFO supervisord started with pid 7
2022-06-21 14:20:22,605 INFO spawned: 'nginx' with pid 10
2022-06-21 14:20:22,609 INFO spawned: 'app' with pid 11
Bottle v0.12.21 server starting up (using WSGIRefServer())...
Listening on http://localhost:5000/
Hit Ctrl-C to quit.

2022-06-21 14:20:23,991 INFO success: nginx entered RUNNING state, process has stayed up for > than 1 seconds (startsecs)
2022-06-21 14:20:23,992 INFO success: app entered RUNNING state, process has stayed up for > than 1 seconds (startsecs)
[CTRL] POST /setup
[Time: 21.06.22 14:20:32] [Level: info] id: 6d4a555153d1f025
[Time: 21.06.22 14:20:32] [Level: info] coordinator: False
[Time: 21.06.22 14:20:32] [Level: info] clients: ['07f8caafc1d85b61', '23ef0fd1bdc8718f', '35e392c873eb2583', 'd30a2a96746f7bf1', '92eb55b52fe1f94e', '6d4a555153d1f025', '0f9795137c7a90ba', '72ca263ba15bedbb']
[Time: 21.06.22 14:20:32] [Level: info] state: initial
127.0.0.1 - - [21/Jun/2022 14:20:32] "POST /api/setup HTTP/1.0" 200 0
[CTRL] GET /status
127.0.0.1 - - [21/Jun/2022 14:20:32] "GET /api/status HTTP/1.0" 200 129
[Time: 21.06.22 14:20:32] [Level: info] transition: await
[Time: 21.06.22 14:20:33] [Level: info] state: await
[CTRL] GET /status
127.0.0.1 - - [21/Jun/2022 14:20:35] "GET /api/status HTTP/1.0" 200 126
[CTRL] GET /data
127.0.0.1 - - [21/Jun/2022 14:20:35] "GET /api/data HTTP/1.0" 200 27614
[CTRL] GET /status
127.0.0.1 - - [21/Jun/2022 14:20:38] "GET /api/status HTTP/1.0" 200 127
[CTRL] POST /data
127.0.0.1 - - [21/Jun/2022 14:20:38] "POST /api/data?client=07f8caafc1d85b61 HTTP/1.0" 200 0
[Time: 21.06.22 14:20:38] [Level: info] [State: await] [Index(['HQ_clean_read_count', 'gut_mapped_read_count', 'gut_mapped_pc',
       'oral_mapped_read_count', 'oral_mapped_pc', 'MGS_10.4', 'MGS_8.4',
       'MGS_all', 'health_status', 'gender',
       ...
       'msp_2942', 'msp_2943', 'msp_2944', 'msp_2945', 'msp_2946', 'msp_2947',
       'msp_2948', 'msp_2949', 'msp_2950', 'msp_2951'],
      dtype='object', length=2476), Index(['HQ_clean_read_count', 'gut_mapped_read_count', 'gut_mapped_pc',
       'oral_mapped_read_count', 'oral_mapped_pc', 'MGS_10.4', 'MGS_8.4',
       'MGS_all', 'health_status', 'gender',
       ...
       'msp_2942', 'msp_2943', 'msp_2944', 'msp_2945', 'msp_2946', 'msp_2947',
       'msp_2948', 'msp_2949', 'msp_2950', 'msp_2951'],
      dtype='object', length=2476), Index(['HQ_clean_read_count', 'gut_mapped_read_count', 'gut_mapped_pc',
       'oral_mapped_read_count', 'oral_mapped_pc', 'MGS_10.4', 'MGS_8.4',
       'MGS_all', 'health_status', 'gender',
       ...
       'msp_2942', 'msp_2943', 'msp_2944', 'msp_2945', 'msp_2946', 'msp_2947',
       'msp_2948', 'msp_2949', 'msp_2950', 'msp_2951'],
      dtype='object', length=2476), Index(['HQ_clean_read_count', 'gut_mapped_read_count', 'gut_mapped_pc',
       'oral_mapped_read_count', 'oral_mapped_pc', 'MGS_10.4', 'MGS_8.4',
       'MGS_all', 'health_status', 'gender',
       ...
       'msp_2942', 'msp_2943', 'msp_2944', 'msp_2945', 'msp_2946', 'msp_2947',
       'msp_2948', 'msp_2949', 'msp_2950', 'msp_2951'],
      dtype='object', length=2476), Index(['HQ_clean_read_count', 'gut_mapped_read_count', 'gut_mapped_pc',
       'oral_mapped_read_count', 'oral_mapped_pc', 'MGS_10.4', 'MGS_8.4',
       'MGS_all', 'health_status', 'gender',
       ...
       'msp_2942', 'msp_2943', 'msp_2944', 'msp_2945', 'msp_2946', 'msp_2947',
       'msp_2948', 'msp_2949', 'msp_2950', 'msp_2951'],
      dtype='object', length=2476), Index(['HQ_clean_read_count', 'gut_mapped_read_count', 'gut_mapped_pc',
       'oral_mapped_read_count', 'oral_mapped_pc', 'MGS_10.4', 'MGS_8.4',
       'MGS_all', 'health_status', 'gender',
       ...
       'msp_2942', 'msp_2943', 'msp_2944', 'msp_2945', 'msp_2946', 'msp_2947',
       'msp_2948', 'msp_2949', 'msp_2950', 'msp_2951'],
      dtype='object', length=2476), Index(['HQ_clean_read_count', 'gut_mapped_read_count', 'gut_mapped_pc',
       'oral_mapped_read_count', 'oral_mapped_pc', 'MGS_10.4', 'MGS_8.4',
       'MGS_all', 'health_status', 'gender',
       ...
       'msp_2942', 'msp_2943', 'msp_2944', 'msp_2945', 'msp_2946', 'msp_2947',
       'msp_2948', 'msp_2949', 'msp_2950', 'msp_2951'],
      dtype='object', length=2476), Index(['HQ_clean_read_count', 'gut_mapped_read_count', 'gut_mapped_pc',
       'oral_mapped_read_count', 'oral_mapped_pc', 'MGS_10.4', 'MGS_8.4',
       'MGS_all', 'health_status', 'gender',
       ...
       'msp_2942', 'msp_2943', 'msp_2944', 'msp_2945', 'msp_2946', 'msp_2947',
       'msp_2948', 'msp_2949', 'msp_2950', 'msp_2951'],
      dtype='object', length=2476)]
[Time: 21.06.22 14:20:38] [Level: info] transition: terminal
[Time: 21.06.22 14:20:38] [Level: info] done
127.0.0.1 - - [21/Jun/2022 14:20:41] "GET /api/status HTTP/1.0" 200 129
[CTRL] GET /status
[CTRL] GET /status
127.0.0.1 - - [21/Jun/2022 14:20:44] "GET /api/status HTTP/1.0" 200 129
[CTRL] GET /status
127.0.0.1 - - [21/Jun/2022 14:20:47] "GET /api/status HTTP/1.0" 200 129
[CTRL] GET /status
127.0.0.1 - - [21/Jun/2022 14:20:50] "GET /api/status HTTP/1.0" 200 128
