2022-06-22 13:01:46,267 CRIT Supervisor is running as root.  Privileges were not dropped because no user is specified in the config file.  If you intend to run as root, you can set user=root in the config file to avoid this message.
2022-06-22 13:01:46,270 INFO supervisord started with pid 8
2022-06-22 13:01:47,275 INFO spawned: 'nginx' with pid 11
2022-06-22 13:01:47,277 INFO spawned: 'app' with pid 12
Bottle v0.12.21 server starting up (using WSGIRefServer())...
Listening on http://localhost:5000/
Hit Ctrl-C to quit.

2022-06-22 13:01:49,179 INFO success: nginx entered RUNNING state, process has stayed up for > than 1 seconds (startsecs)
2022-06-22 13:01:49,179 INFO success: app entered RUNNING state, process has stayed up for > than 1 seconds (startsecs)
[CTRL] POST /setup
[Time: 22.06.22 13:01:52] [Level: info] id: 30e597f9558a18c0
[Time: 22.06.22 13:01:52] [Level: info] coordinator: False
[Time: 22.06.22 13:01:52] [Level: info] clients: ['223f720dca410b76', '30e597f9558a18c0', '1ff7221aab814cc8']
[Time: 22.06.22 13:01:52] [Level: info] state: initial
[Time: 22.06.22 13:01:52] [Level: info] transition: read
127.0.0.1 - - [22/Jun/2022 13:01:52] "POST /api/setup HTTP/1.0" 200 0
[CTRL] GET /status
127.0.0.1 - - [22/Jun/2022 13:01:52] "GET /api/status HTTP/1.0" 200 126
[Time: 22.06.22 13:01:53] [Level: info] state: read
[Time: 22.06.22 13:01:53] [Level: info] transition: await
[Time: 22.06.22 13:01:54] [Level: info] state: await
[CTRL] GET /status
127.0.0.1 - - [22/Jun/2022 13:01:55] "GET /api/status HTTP/1.0" 200 126
127.0.0.1 - - [22/Jun/2022 13:01:55] "GET /api/data HTTP/1.0" 200 4
[CTRL] GET /data
[CTRL] GET /status
127.0.0.1 - - [22/Jun/2022 13:01:58] "GET /api/status HTTP/1.0" 200 127
