2022-06-22 12:38:13,019 CRIT Supervisor is running as root.  Privileges were not dropped because no user is specified in the config file.  If you intend to run as root, you can set user=root in the config file to avoid this message.
2022-06-22 12:38:13,021 INFO supervisord started with pid 8
2022-06-22 12:38:14,028 INFO spawned: 'nginx' with pid 11
2022-06-22 12:38:14,036 INFO spawned: 'app' with pid 12
Bottle v0.12.21 server starting up (using WSGIRefServer())...
Listening on http://localhost:5000/
Hit Ctrl-C to quit.

2022-06-22 12:38:15,820 INFO success: nginx entered RUNNING state, process has stayed up for > than 1 seconds (startsecs)
2022-06-22 12:38:15,820 INFO success: app entered RUNNING state, process has stayed up for > than 1 seconds (startsecs)
[CTRL] POST /setup
[Time: 22.06.22 12:38:16] [Level: info] id: 9572bd54aeeee737
[Time: 22.06.22 12:38:16] [Level: info] coordinator: False
[Time: 22.06.22 12:38:16] [Level: info] clients: ['7feb1c2a18cebb2e', '69944bae13f046ae', '9572bd54aeeee737']
127.0.0.1 - - [22/Jun/2022 12:38:16] "POST /api/setup HTTP/1.0" 200 0
[Time: 22.06.22 12:38:16] [Level: info] state: initial
[Time: 22.06.22 12:38:16] [Level: info] transition: read
[CTRL] GET /status
127.0.0.1 - - [22/Jun/2022 12:38:16] "GET /api/status HTTP/1.0" 200 126
[Time: 22.06.22 12:38:17] [Level: info] state: read
[Time: 22.06.22 12:38:18] [Level: info] transition: send_empty_columns
[Time: 22.06.22 12:38:19] [Level: info] state: send_empty_columns
[Time: 22.06.22 12:38:19] [Level: info] [State: send_empty_columns] --------hello
[Time: 22.06.22 12:38:19] [Level: info] transition: await
127.0.0.1 - - [22/Jun/2022 12:38:20] "GET /api/status HTTP/1.0" 200 126
[CTRL] GET /status
[CTRL] GET /data
127.0.0.1 - - [22/Jun/2022 12:38:20] "GET /api/data HTTP/1.0" 200 4
[Time: 22.06.22 12:38:20] [Level: info] state: await
[CTRL] GET /status
127.0.0.1 - - [22/Jun/2022 12:38:23] "GET /api/status HTTP/1.0" 200 126
127.0.0.1 - - [22/Jun/2022 12:38:23] "GET /api/data HTTP/1.0" 200 9351
[CTRL] GET /data
