2022-06-22 12:41:32,324 CRIT Supervisor is running as root.  Privileges were not dropped because no user is specified in the config file.  If you intend to run as root, you can set user=root in the config file to avoid this message.
2022-06-22 12:41:32,326 INFO supervisord started with pid 7
2022-06-22 12:41:33,330 INFO spawned: 'nginx' with pid 10
2022-06-22 12:41:33,335 INFO spawned: 'app' with pid 11
Bottle v0.12.21 server starting up (using WSGIRefServer())...
Listening on http://localhost:5000/
Hit Ctrl-C to quit.

2022-06-22 12:41:35,241 INFO success: nginx entered RUNNING state, process has stayed up for > than 1 seconds (startsecs)
2022-06-22 12:41:35,242 INFO success: app entered RUNNING state, process has stayed up for > than 1 seconds (startsecs)
[CTRL] POST /setup
[Time: 22.06.22 12:41:38] [Level: info] id: edf1d03a082ef2a2
[Time: 22.06.22 12:41:38] [Level: info] coordinator: False
[Time: 22.06.22 12:41:38] [Level: info] clients: ['49740f5c57427a0e', 'edf1d03a082ef2a2', 'bb9cc6b325a8daf5']
[Time: 22.06.22 12:41:38] [Level: info] state: initial
[Time: 22.06.22 12:41:38] [Level: info] transition: read
127.0.0.1 - - [22/Jun/2022 12:41:38] "POST /api/setup HTTP/1.0" 200 0
127.0.0.1 - - [22/Jun/2022 12:41:38] "GET /api/status HTTP/1.0" 200 126
[CTRL] GET /status
[Time: 22.06.22 12:41:39] [Level: info] state: read
[Time: 22.06.22 12:41:39] [Level: info] transition: await
[Time: 22.06.22 12:41:40] [Level: info] state: await
[CTRL] GET /status
127.0.0.1 - - [22/Jun/2022 12:41:41] "GET /api/status HTTP/1.0" 200 126
127.0.0.1 - - [22/Jun/2022 12:41:41] "GET /api/data HTTP/1.0" 200 4
[CTRL] GET /data
127.0.0.1 - - [22/Jun/2022 12:41:44] "GET /api/status HTTP/1.0" 200 127
[CTRL] GET /status
127.0.0.1 - - [22/Jun/2022 12:41:47] "GET /api/status HTTP/1.0" 200 127
[CTRL] GET /status
[CTRL] POST /data
127.0.0.1 - - [22/Jun/2022 12:41:47] "POST /api/data?client=bb9cc6b325a8daf5 HTTP/1.0" 200 0
[Time: 22.06.22 12:41:47] [Level: info] [State: await] {'m', '_', 'p', 's'}
[Time: 22.06.22 12:41:47] [Level: info] Traceback (most recent call last):
  File "/usr/local/lib/python3.8/site-packages/FeatureCloud/app/engine/app.py", line 169, in guarded_run
    self.run()
  File "/usr/local/lib/python3.8/site-packages/FeatureCloud/app/engine/app.py", line 184, in run
    transition = self.current_state.run()
  File "/app/states.py", line 133, in run
    c.delete_columns(common_to_drop)
  File "/app/states.py", line 27, in delete_columns
    self.df = self.df.drop(columns=to_drop)
  File "/usr/local/lib/python3.8/site-packages/pandas/util/_decorators.py", line 311, in wrapper
    return func(*args, **kwargs)
  File "/usr/local/lib/python3.8/site-packages/pandas/core/frame.py", line 4954, in drop
    return super().drop(
  File "/usr/local/lib/python3.8/site-packages/pandas/core/generic.py", line 4267, in drop
    obj = obj._drop_axis(labels, axis, level=level, errors=errors)
  File "/usr/local/lib/python3.8/site-packages/pandas/core/generic.py", line 4311, in _drop_axis
    new_axis = axis.drop(labels, errors=errors)
  File "/usr/local/lib/python3.8/site-packages/pandas/core/indexes/base.py", line 6644, in drop
    raise KeyError(f"{list(labels[mask])} not found in axis")
KeyError: "['m', '_', 'p', 's'] not found in axis"

