2022-06-22 13:04:41,974 CRIT Supervisor is running as root.  Privileges were not dropped because no user is specified in the config file.  If you intend to run as root, you can set user=root in the config file to avoid this message.
2022-06-22 13:04:41,976 INFO supervisord started with pid 8
2022-06-22 13:04:42,983 INFO spawned: 'nginx' with pid 11
2022-06-22 13:04:42,988 INFO spawned: 'app' with pid 12
2022-06-22 13:04:44,018 INFO success: nginx entered RUNNING state, process has stayed up for > than 1 seconds (startsecs)
2022-06-22 13:04:44,018 INFO success: app entered RUNNING state, process has stayed up for > than 1 seconds (startsecs)
Bottle v0.12.21 server starting up (using WSGIRefServer())...
Listening on http://localhost:5000/
Hit Ctrl-C to quit.

[CTRL] POST /setup
[Time: 22.06.22 13:04:48] [Level: info] id: 6582489264ce8e1e
[Time: 22.06.22 13:04:48] [Level: info] coordinator: False
[Time: 22.06.22 13:04:48] [Level: info] clients: ['38ef1a747d4e89c5', '6582489264ce8e1e', '0aa09ea59284973e']
[Time: 22.06.22 13:04:48] [Level: info] state: initial
[Time: 22.06.22 13:04:48] [Level: info] transition: read
127.0.0.1 - - [22/Jun/2022 13:04:48] "POST /api/setup HTTP/1.0" 200 0
[CTRL] GET /status
127.0.0.1 - - [22/Jun/2022 13:04:48] "GET /api/status HTTP/1.0" 200 126
[Time: 22.06.22 13:04:49] [Level: info] state: read
[Time: 22.06.22 13:04:49] [Level: info] transition: await
[Time: 22.06.22 13:04:50] [Level: info] state: await
[CTRL] GET /status
127.0.0.1 - - [22/Jun/2022 13:04:51] "GET /api/status HTTP/1.0" 200 126
[CTRL] GET /data
127.0.0.1 - - [22/Jun/2022 13:04:51] "GET /api/data HTTP/1.0" 200 4
[CTRL] GET /status
127.0.0.1 - - [22/Jun/2022 13:04:54] "GET /api/status HTTP/1.0" 200 127
