2022-06-24 07:54:11,352 CRIT Supervisor is running as root.  Privileges were not dropped because no user is specified in the config file.  If you intend to run as root, you can set user=root in the config file to avoid this message.
2022-06-24 07:54:11,355 INFO supervisord started with pid 7
2022-06-24 07:54:12,358 INFO spawned: 'nginx' with pid 10
2022-06-24 07:54:12,360 INFO spawned: 'app' with pid 11
2022-06-24 07:54:13,391 INFO success: nginx entered RUNNING state, process has stayed up for > than 1 seconds (startsecs)
2022-06-24 07:54:13,391 INFO success: app entered RUNNING state, process has stayed up for > than 1 seconds (startsecs)
Bottle v0.12.21 server starting up (using WSGIRefServer())...
Listening on http://localhost:5000/
Hit Ctrl-C to quit.

[CTRL] POST /setup
[Time: 24.06.22 07:54:30] [Level: info] id: 1b4cd099093828a9
[Time: 24.06.22 07:54:30] [Level: info] coordinator: False
[Time: 24.06.22 07:54:30] [Level: info] clients: ['7141c590254044ec', '42832bab8f609b18', 'db5be3a428d092a3', 'adc8de474f959214', 'e82c7efdc0376b54', '1b4cd099093828a9', 'dfa1021efeb06d01', '0c1730409d73694a']
[Time: 24.06.22 07:54:30] [Level: info] state: initial
[Time: 24.06.22 07:54:30] [Level: info] transition: read
127.0.0.1 - - [24/Jun/2022 07:54:30] "POST /api/setup HTTP/1.0" 200 0
127.0.0.1 - - [24/Jun/2022 07:54:30] "GET /api/status HTTP/1.0" 200 126
[CTRL] GET /status
[Time: 24.06.22 07:54:31] [Level: info] state: read
# i contributing
[Time: 24.06.22 07:54:32] [Level: info] transition: send_empty_columns
[Time: 24.06.22 07:54:33] [Level: info] state: send_empty_columns
[Time: 24.06.22 07:54:33] [Level: info] transition: await
[CTRL] GET /status
127.0.0.1 - - [24/Jun/2022 07:54:33] "GET /api/status HTTP/1.0" 200 126
[CTRL] GET /data
127.0.0.1 - - [24/Jun/2022 07:54:33] "GET /api/data HTTP/1.0" 200 4
[Time: 24.06.22 07:54:34] [Level: info] state: await
[CTRL] GET /status
127.0.0.1 - - [24/Jun/2022 07:54:36] "GET /api/status HTTP/1.0" 200 126
[CTRL] GET /data
127.0.0.1 - - [24/Jun/2022 07:54:36] "GET /api/data HTTP/1.0" 200 5205
[CTRL] POST /data
127.0.0.1 - - [24/Jun/2022 07:54:39] "POST /api/data?client=7141c590254044ec HTTP/1.0" 200 0
[CTRL] GET /status
127.0.0.1 - - [24/Jun/2022 07:54:39] "GET /api/status HTTP/1.0" 200 127
/usr/local/lib/python3.8/site-packages/sklearn/utils/validation.py:1111: DataConversionWarning: A column-vector y was passed when a 1d array was expected. Please change the shape of y to (n_samples, ), for example using ravel().
  y = column_or_1d(y, warn=True)
/usr/local/lib/python3.8/site-packages/sklearn/linear_model/_logistic.py:444: ConvergenceWarning: lbfgs failed to converge (status=1):
STOP: TOTAL NO. of ITERATIONS REACHED LIMIT.

Increase the number of iterations (max_iter) or scale the data as shown in:
    https://scikit-learn.org/stable/modules/preprocessing.html
Please also refer to the documentation for alternative solver options:
    https://scikit-learn.org/stable/modules/linear_model.html#logistic-regression
  n_iter_i = _check_optimize_result(
Accuracy: 0.615, Precision: 0.538, Recall: 0.438, APS: 0.466, F1: 0.483, MCC: 0.184, CM: [[17  6]
 [ 9  7]]
Accuracy: 0.636, Precision: 0.575, Recall: 0.434, APS: 0.482, F1: 0.495, MCC: 0.224, CM: [[59 17]
 [30 23]]
[Time: 24.06.22 07:54:41] [Level: info] transition: apply
[Time: 24.06.22 07:54:42] [Level: info] state: apply
[CTRL] GET /status
127.0.0.1 - - [24/Jun/2022 07:54:42] "GET /api/status HTTP/1.0" 200 126
127.0.0.1 - - [24/Jun/2022 07:54:42] "GET /api/data HTTP/1.0" 200 19697
[CTRL] GET /data
[CTRL] GET /status
127.0.0.1 - - [24/Jun/2022 07:54:45] "GET /api/status HTTP/1.0" 200 127
127.0.0.1 - - [24/Jun/2022 07:54:45] "POST /api/data?client=7141c590254044ec HTTP/1.0" 200 0
[CTRL] POST /data
### NEW MODEL ###
/usr/local/lib/python3.8/site-packages/sklearn/base.py:443: UserWarning: X has feature names, but LogisticRegression was fitted without feature names
  warnings.warn(
Accuracy: 0.581, Precision: 0.333, Recall: 0.019, APS: 0.409, F1: 0.036, MCC: -0.024, CM: [[74  2]
 [52  1]]
[Time: 24.06.22 07:54:46] [Level: info] transition: terminal
[Time: 24.06.22 07:54:46] [Level: info] done
