2022-06-21 19:46:26,280 CRIT Supervisor is running as root.  Privileges were not dropped because no user is specified in the config file.  If you intend to run as root, you can set user=root in the config file to avoid this message.
2022-06-21 19:46:26,282 INFO supervisord started with pid 8
2022-06-21 19:46:27,288 INFO spawned: 'nginx' with pid 11
2022-06-21 19:46:27,292 INFO spawned: 'app' with pid 12
Traceback (most recent call last):
  File "/app/main.py", line 8, in <module>
    import states
  File "/app/states.py", line 4, in <module>
    from logistic_regression import logistic_regression
  File "/app/logistic_regression.py", line 1, in <module>
    from sklearn.linear_model import LogisticRegression
ModuleNotFoundError: No module named 'sklearn'
2022-06-21 19:46:27,875 INFO exited: app (exit status 1; not expected)
2022-06-21 19:46:28,876 INFO success: nginx entered RUNNING state, process has stayed up for > than 1 seconds (startsecs)
2022-06-21 19:46:28,880 INFO spawned: 'app' with pid 21
Traceback (most recent call last):
  File "/app/main.py", line 8, in <module>
    import states
  File "/app/states.py", line 4, in <module>
    from logistic_regression import logistic_regression
  File "/app/logistic_regression.py", line 1, in <module>
    from sklearn.linear_model import LogisticRegression
ModuleNotFoundError: No module named 'sklearn'
2022-06-21 19:46:29,379 INFO exited: app (exit status 1; not expected)
2022-06-21 19:46:31,385 INFO spawned: 'app' with pid 26
Traceback (most recent call last):
  File "/app/main.py", line 8, in <module>
    import states
  File "/app/states.py", line 4, in <module>
    from logistic_regression import logistic_regression
  File "/app/logistic_regression.py", line 1, in <module>
    from sklearn.linear_model import LogisticRegression
ModuleNotFoundError: No module named 'sklearn'
2022-06-21 19:46:31,838 INFO exited: app (exit status 1; not expected)
2022-06-21 19:46:34,847 INFO spawned: 'app' with pid 31
Traceback (most recent call last):
  File "/app/main.py", line 8, in <module>
    import states
  File "/app/states.py", line 4, in <module>
    from logistic_regression import logistic_regression
  File "/app/logistic_regression.py", line 1, in <module>
    from sklearn.linear_model import LogisticRegression
ModuleNotFoundError: No module named 'sklearn'
2022-06-21 19:46:35,376 INFO exited: app (exit status 1; not expected)
2022-06-21 19:46:36,342 INFO gave up: app entered FATAL state, too many start retries too quickly
