2022-06-21 12:28:52,807 CRIT Supervisor is running as root.  Privileges were not dropped because no user is specified in the config file.  If you intend to run as root, you can set user=root in the config file to avoid this message.
2022-06-21 12:28:52,809 INFO supervisord started with pid 8
2022-06-21 12:28:53,812 INFO spawned: 'nginx' with pid 11
2022-06-21 12:28:53,814 INFO spawned: 'app' with pid 12
Traceback (most recent call last):
  File "/app/main.py", line 8, in <module>
    import states
  File "/app/states.py", line 28, in <module>
    @app_state('aggregation', Role.COORDINATOR)
NameError: name 'Role' is not defined
2022-06-21 12:28:54,230 INFO exited: app (exit status 1; not expected)
2022-06-21 12:28:55,234 INFO success: nginx entered RUNNING state, process has stayed up for > than 1 seconds (startsecs)
2022-06-21 12:28:55,239 INFO spawned: 'app' with pid 21
Traceback (most recent call last):
  File "/app/main.py", line 8, in <module>
    import states
  File "/app/states.py", line 28, in <module>
    @app_state('aggregation', Role.COORDINATOR)
NameError: name 'Role' is not defined
2022-06-21 12:28:55,658 INFO exited: app (exit status 1; not expected)
2022-06-21 12:28:57,664 INFO spawned: 'app' with pid 26
Traceback (most recent call last):
  File "/app/main.py", line 8, in <module>
    import states
  File "/app/states.py", line 28, in <module>
    @app_state('aggregation', Role.COORDINATOR)
NameError: name 'Role' is not defined
2022-06-21 12:28:58,159 INFO exited: app (exit status 1; not expected)
2022-06-21 12:29:01,169 INFO spawned: 'app' with pid 31
Traceback (most recent call last):
  File "/app/main.py", line 8, in <module>
    import states
  File "/app/states.py", line 28, in <module>
    @app_state('aggregation', Role.COORDINATOR)
NameError: name 'Role' is not defined
2022-06-21 12:29:01,627 INFO exited: app (exit status 1; not expected)
2022-06-21 12:29:02,628 INFO gave up: app entered FATAL state, too many start retries too quickly
