2022-06-21 13:00:22,300 CRIT Supervisor is running as root.  Privileges were not dropped because no user is specified in the config file.  If you intend to run as root, you can set user=root in the config file to avoid this message.
2022-06-21 13:00:22,303 INFO supervisord started with pid 9
2022-06-21 13:00:23,306 INFO spawned: 'nginx' with pid 12
2022-06-21 13:00:23,309 INFO spawned: 'app' with pid 13
Bottle v0.12.21 server starting up (using WSGIRefServer())...
Listening on http://localhost:5000/
Hit Ctrl-C to quit.

2022-06-21 13:00:24,666 INFO success: nginx entered RUNNING state, process has stayed up for > than 1 seconds (startsecs)
2022-06-21 13:00:24,667 INFO success: app entered RUNNING state, process has stayed up for > than 1 seconds (startsecs)
[CTRL] POST /setup
[Time: 21.06.22 13:00:28] [Level: info] id: ab2da061419d0883
[Time: 21.06.22 13:00:28] [Level: info] coordinator: False
[Time: 21.06.22 13:00:28] [Level: info] clients: ['9797321382ce0545', '19c8722e7206e06a', 'ed15ff60892db8f4', '458fc4f372c8263c', 'ac7d088dfd68e656', '1756d1c4685c75e4', 'ab2da061419d0883', '800e232128488841']
127.0.0.1 - - [21/Jun/2022 13:00:29] "POST /api/setup HTTP/1.0" 200 0
[Time: 21.06.22 13:00:29] [Level: info] state: initial
[CTRL] GET /status
127.0.0.1 - - [21/Jun/2022 13:00:29] "GET /api/status HTTP/1.0" 200 129
[Time: 21.06.22 13:00:29] [Level: info] transition: await
[Time: 21.06.22 13:00:29] [Level: info] Traceback (most recent call last):
  File "/usr/local/lib/python3.8/site-packages/FeatureCloud/app/engine/app.py", line 169, in guarded_run
    self.run()
  File "/usr/local/lib/python3.8/site-packages/FeatureCloud/app/engine/app.py", line 186, in run
    self.transition(f'{self.current_state.name}_{transition}')
  File "/usr/local/lib/python3.8/site-packages/FeatureCloud/app/engine/app.py", line 314, in transition
    self.log(f'transition {name} not found', level=LogLevel.FATAL)
  File "/usr/local/lib/python3.8/site-packages/FeatureCloud/app/engine/app.py", line 340, in log
    raise RuntimeError(msg)
RuntimeError: [Time: 21.06.22 13:00:29] [Level: fatal] transition initial_await not found

127.0.0.1 - - [21/Jun/2022 13:00:32] "GET /api/status HTTP/1.0" 200 135
[CTRL] GET /status
[CTRL] GET /data
127.0.0.1 - - [21/Jun/2022 13:00:32] "GET /api/data HTTP/1.0" 200 11118025
