2022-06-22 07:45:37,590 CRIT Supervisor is running as root.  Privileges were not dropped because no user is specified in the config file.  If you intend to run as root, you can set user=root in the config file to avoid this message.
2022-06-22 07:45:37,592 INFO supervisord started with pid 7
2022-06-22 07:45:38,596 INFO spawned: 'nginx' with pid 10
2022-06-22 07:45:38,599 INFO spawned: 'app' with pid 11
Bottle v0.12.21 server starting up (using WSGIRefServer())...
Listening on http://localhost:5000/
Hit Ctrl-C to quit.

2022-06-22 07:45:40,530 INFO success: nginx entered RUNNING state, process has stayed up for > than 1 seconds (startsecs)
2022-06-22 07:45:40,530 INFO success: app entered RUNNING state, process has stayed up for > than 1 seconds (startsecs)
[CTRL] POST /setup
[Time: 22.06.22 07:45:41] [Level: info] id: 9fbacb8f6474ae3b
[Time: 22.06.22 07:45:41] [Level: info] coordinator: False
[Time: 22.06.22 07:45:41] [Level: info] clients: ['9fbacb8f6474ae3b', '1f55a236b5521e12']
[Time: 22.06.22 07:45:41] [Level: info] state: initial
[Time: 22.06.22 07:45:41] [Level: info] transition: read
127.0.0.1 - - [22/Jun/2022 07:45:41] "POST /api/setup HTTP/1.0" 200 0
[CTRL] GET /status
127.0.0.1 - - [22/Jun/2022 07:45:41] "GET /api/status HTTP/1.0" 200 126
[Time: 22.06.22 07:45:42] [Level: info] state: read
[Time: 22.06.22 07:45:42] [Level: info] [State: read] Index(['msp_0001', 'msp_0002', 'msp_0033', 'msp_0037', 'msp_0038', 'msp_0044',
       'msp_0049', 'msp_0051', 'msp_0064', 'msp_0067',
       ...
       'msp_2939', 'msp_2940', 'msp_2942', 'msp_2945', 'msp_2946', 'msp_2947',
       'msp_2948', 'msp_2949', 'msp_2950', 'msp_2951'],
      dtype='object', length=1624)
[Time: 22.06.22 07:45:42] [Level: info] transition: await
[Time: 22.06.22 07:45:43] [Level: info] state: await
[CTRL] GET /status
127.0.0.1 - - [22/Jun/2022 07:45:44] "GET /api/status HTTP/1.0" 200 126
[CTRL] GET /data
127.0.0.1 - - [22/Jun/2022 07:45:44] "GET /api/data HTTP/1.0" 200 18166
[CTRL] POST /data
127.0.0.1 - - [22/Jun/2022 07:45:45] "POST /api/data?client=1f55a236b5521e12 HTTP/1.0" 200 0
[Time: 22.06.22 07:45:45] [Level: info] Traceback (most recent call last):
  File "/usr/local/lib/python3.8/site-packages/FeatureCloud/app/engine/app.py", line 169, in guarded_run
    self.run()
  File "/usr/local/lib/python3.8/site-packages/FeatureCloud/app/engine/app.py", line 184, in run
    transition = self.current_state.run()
  File "/app/states.py", line 86, in run
    c.delete_columns(to_drop)
  File "/app/states.py", line 23, in delete_columns
    self.df = self.df.drop(columns=to_drop)
  File "/usr/local/lib/python3.8/site-packages/pandas/util/_decorators.py", line 311, in wrapper
    return func(*args, **kwargs)
  File "/usr/local/lib/python3.8/site-packages/pandas/core/frame.py", line 4954, in drop
    return super().drop(
  File "/usr/local/lib/python3.8/site-packages/pandas/core/generic.py", line 4267, in drop
    obj = obj._drop_axis(labels, axis, level=level, errors=errors)
  File "/usr/local/lib/python3.8/site-packages/pandas/core/generic.py", line 4311, in _drop_axis
    new_axis = axis.drop(labels, errors=errors)
  File "/usr/local/lib/python3.8/site-packages/pandas/core/indexes/base.py", line 6640, in drop
    indexer = self.get_indexer_for(labels)
  File "/usr/local/lib/python3.8/site-packages/pandas/core/indexes/base.py", line 5764, in get_indexer_for
    return self.get_indexer(target)
  File "/usr/local/lib/python3.8/site-packages/pandas/core/indexes/base.py", line 3784, in get_indexer
    return self._get_indexer(target, method, limit, tolerance)
  File "/usr/local/lib/python3.8/site-packages/pandas/core/indexes/base.py", line 3809, in _get_indexer
    indexer = self._engine.get_indexer(tgt_values)
  File "pandas/_libs/index.pyx", line 305, in pandas._libs.index.IndexEngine.get_indexer
  File "pandas/_libs/hashtable_class_helper.pxi", line 5247, in pandas._libs.hashtable.PyObjectHashTable.lookup
TypeError: unhashable type: 'Index'

[CTRL] GET /status
127.0.0.1 - - [22/Jun/2022 07:45:47] "GET /api/status HTTP/1.0" 200 133
