2022-06-22 08:19:20,907 CRIT Supervisor is running as root.  Privileges were not dropped because no user is specified in the config file.  If you intend to run as root, you can set user=root in the config file to avoid this message.
2022-06-22 08:19:20,912 INFO supervisord started with pid 8
2022-06-22 08:19:21,918 INFO spawned: 'nginx' with pid 11
2022-06-22 08:19:21,920 INFO spawned: 'app' with pid 12
2022-06-22 08:19:22,943 INFO success: nginx entered RUNNING state, process has stayed up for > than 1 seconds (startsecs)
2022-06-22 08:19:22,943 INFO success: app entered RUNNING state, process has stayed up for > than 1 seconds (startsecs)
Bottle v0.12.21 server starting up (using WSGIRefServer())...
Listening on http://localhost:5000/
Hit Ctrl-C to quit.

[CTRL] POST /setup
[Time: 22.06.22 08:19:27] [Level: info] id: 2062b507e13bb37d
[Time: 22.06.22 08:19:27] [Level: info] coordinator: True
[Time: 22.06.22 08:19:27] [Level: info] clients: ['0e74d6373a6a72b6', '2062b507e13bb37d']
[Time: 22.06.22 08:19:27] [Level: info] state: initial
[Time: 22.06.22 08:19:27] [Level: info] transition: read
127.0.0.1 - - [22/Jun/2022 08:19:27] "POST /api/setup HTTP/1.0" 200 0
127.0.0.1 - - [22/Jun/2022 08:19:27] "GET /api/status HTTP/1.0" 200 126
[CTRL] GET /status
[Time: 22.06.22 08:19:28] [Level: info] state: read
[Time: 22.06.22 08:19:28] [Level: info] transition: aggregate
[Time: 22.06.22 08:19:29] [Level: info] state: aggregate
[CTRL] GET /status
127.0.0.1 - - [22/Jun/2022 08:19:30] "GET /api/status HTTP/1.0" 200 131
[CTRL] POST /data
127.0.0.1 - - [22/Jun/2022 08:19:32] "POST /api/data?client=0e74d6373a6a72b6 HTTP/1.0" 200 0
[Time: 22.06.22 08:19:32] [Level: info] transition: await
[CTRL] GET /status
127.0.0.1 - - [22/Jun/2022 08:19:33] "GET /api/status HTTP/1.0" 200 126
[CTRL] GET /data
127.0.0.1 - - [22/Jun/2022 08:19:33] "GET /api/data HTTP/1.0" 200 7419
[Time: 22.06.22 08:19:33] [Level: info] state: await
[Time: 22.06.22 08:19:33] [Level: info] [State: await]      HQ_clean_read_count  gut_mapped_read_count  ...      msp_2950  msp_2951
0               47561376               39639265  ...  0.000000e+00       0.0
1               62048458               50252720  ...  0.000000e+00       0.0
2               58857214               48715189  ...  0.000000e+00       0.0
3               51542668               42229049  ...  7.633057e-09       0.0
4               41507164               32689325  ...  0.000000e+00       0.0
..                   ...                    ...  ...           ...       ...
121             52529564               41747057  ...  0.000000e+00       0.0
122             48456162               40097578  ...  0.000000e+00       0.0
123             38726882               31415942  ...  0.000000e+00       0.0
124             33213704               27033599  ...  0.000000e+00       0.0
125             49495898               40303641  ...  0.000000e+00       0.0

[126 rows x 1806 columns]
[Time: 22.06.22 08:19:33] [Level: info] transition: send_global_params
[Time: 22.06.22 08:19:34] [Level: info] state: send_global_params
127.0.0.1 - - [22/Jun/2022 08:19:35] "POST /api/data?client=0e74d6373a6a72b6 HTTP/1.0" 200 0
[CTRL] POST /data
[Time: 22.06.22 08:19:35] [Level: info] transition: apply
[CTRL] GET /status
127.0.0.1 - - [22/Jun/2022 08:19:36] "GET /api/status HTTP/1.0" 200 126
[CTRL] GET /data
127.0.0.1 - - [22/Jun/2022 08:19:36] "GET /api/data HTTP/1.0" 200 247
[Time: 22.06.22 08:19:36] [Level: info] state: apply
[Time: 22.06.22 08:19:36] [Level: info] [State: apply] [array([4, 0]), array([4, 1])]
[Time: 22.06.22 08:19:36] [Level: info] transition: terminal
[Time: 22.06.22 08:19:36] [Level: info] done
[CTRL] GET /status
127.0.0.1 - - [22/Jun/2022 08:19:39] "GET /api/status HTTP/1.0" 200 129
[CTRL] GET /status
127.0.0.1 - - [22/Jun/2022 08:19:42] "GET /api/status HTTP/1.0" 200 129
[CTRL] GET /status
127.0.0.1 - - [22/Jun/2022 08:19:45] "GET /api/status HTTP/1.0" 200 129
[CTRL] GET /status
127.0.0.1 - - [22/Jun/2022 08:19:48] "GET /api/status HTTP/1.0" 200 128
