2022-06-22 09:11:48,582 CRIT Supervisor is running as root.  Privileges were not dropped because no user is specified in the config file.  If you intend to run as root, you can set user=root in the config file to avoid this message.
2022-06-22 09:11:48,585 INFO supervisord started with pid 9
2022-06-22 09:11:49,589 INFO spawned: 'nginx' with pid 12
2022-06-22 09:11:49,590 INFO spawned: 'app' with pid 13
Bottle v0.12.21 server starting up (using WSGIRefServer())...
Listening on http://localhost:5000/
Hit Ctrl-C to quit.

2022-06-22 09:11:51,558 INFO success: nginx entered RUNNING state, process has stayed up for > than 1 seconds (startsecs)
2022-06-22 09:11:51,559 INFO success: app entered RUNNING state, process has stayed up for > than 1 seconds (startsecs)
[CTRL] POST /setup
[Time: 22.06.22 09:11:55] [Level: info] id: bf107d2f93c568ef
[Time: 22.06.22 09:11:55] [Level: info] coordinator: True
[Time: 22.06.22 09:11:55] [Level: info] clients: ['a3af67eef387839c', 'bf107d2f93c568ef']
127.0.0.1 - - [22/Jun/2022 09:11:55] "POST /api/setup HTTP/1.0" 200 0
[Time: 22.06.22 09:11:55] [Level: info] state: initial[CTRL] GET /status

[Time: 22.06.22 09:11:55] [Level: info] transition: read
127.0.0.1 - - [22/Jun/2022 09:11:55] "GET /api/status HTTP/1.0" 200 129
[Time: 22.06.22 09:11:56] [Level: info] state: read
[Time: 22.06.22 09:11:56] [Level: info] [State: read] Hello
[Time: 22.06.22 09:11:56] [Level: info] transition: aggregate
[Time: 22.06.22 09:11:57] [Level: info] state: aggregate
[CTRL] GET /status
127.0.0.1 - - [22/Jun/2022 09:11:58] "GET /api/status HTTP/1.0" 200 131
127.0.0.1 - - [22/Jun/2022 09:12:00] "POST /api/data?client=a3af67eef387839c HTTP/1.0" 200 0
[CTRL] POST /data
[Time: 22.06.22 09:12:00] [Level: info] transition: await
127.0.0.1 - - [22/Jun/2022 09:12:01] "GET /api/status HTTP/1.0" 200 126
[CTRL] GET /status
[CTRL] GET /data
127.0.0.1 - - [22/Jun/2022 09:12:01] "GET /api/data HTTP/1.0" 200 7419
[Time: 22.06.22 09:12:01] [Level: info] state: await
[Time: 22.06.22 09:12:01] [Level: info] [State: await]      HQ_clean_read_count  gut_mapped_read_count  ...      msp_2950  msp_2951
0               47561376               39639265  ...  0.000000e+00       0.0
1               62048458               50252720  ...  0.000000e+00       0.0
2               58857214               48715189  ...  0.000000e+00       0.0
3               51542668               42229049  ...  7.633057e-09       0.0
4               41507164               32689325  ...  0.000000e+00       0.0
..                   ...                    ...  ...           ...       ...
121             52529564               41747057  ...  0.000000e+00       0.0
122             48456162               40097578  ...  0.000000e+00       0.0
123             38726882               31415942  ...  0.000000e+00       0.0
124             33213704               27033599  ...  0.000000e+00       0.0
125             49495898               40303641  ...  0.000000e+00       0.0

[126 rows x 1806 columns]
[Time: 22.06.22 09:12:01] [Level: info] transition: send_global_params
[Time: 22.06.22 09:12:02] [Level: info] state: send_global_params
[CTRL] POST /data
127.0.0.1 - - [22/Jun/2022 09:12:03] "POST /api/data?client=a3af67eef387839c HTTP/1.0" 200 0
[Time: 22.06.22 09:12:03] [Level: info] transition: apply
[CTRL] GET /status
127.0.0.1 - - [22/Jun/2022 09:12:04] "GET /api/status HTTP/1.0" 200 126
[CTRL] GET /data
127.0.0.1 - - [22/Jun/2022 09:12:04] "GET /api/data HTTP/1.0" 200 247
[Time: 22.06.22 09:12:04] [Level: info] state: apply
[Time: 22.06.22 09:12:04] [Level: info] [State: apply] [array([3, 0]), array([3, 1])]
[Time: 22.06.22 09:12:04] [Level: info] transition: terminal
[Time: 22.06.22 09:12:04] [Level: info] done
[CTRL] GET /status
127.0.0.1 - - [22/Jun/2022 09:12:07] "GET /api/status HTTP/1.0" 200 129
[CTRL] GET /status
127.0.0.1 - - [22/Jun/2022 09:12:10] "GET /api/status HTTP/1.0" 200 129
[CTRL] GET /status
127.0.0.1 - - [22/Jun/2022 09:12:13] "GET /api/status HTTP/1.0" 200 129
[CTRL] GET /status
127.0.0.1 - - [22/Jun/2022 09:12:16] "GET /api/status HTTP/1.0" 200 128
