2022-06-21 15:18:53,379 CRIT Supervisor is running as root.  Privileges were not dropped because no user is specified in the config file.  If you intend to run as root, you can set user=root in the config file to avoid this message.
2022-06-21 15:18:53,381 INFO supervisord started with pid 9
2022-06-21 15:18:54,391 INFO spawned: 'nginx' with pid 12
2022-06-21 15:18:54,402 INFO spawned: 'app' with pid 13
Traceback (most recent call last):
  File "/app/main.py", line 14, in <module>
    app.register()
  File "/usr/local/lib/python3.8/site-packages/FeatureCloud/app/engine/app.py", line 202, in register
    state.register()
  File "/app/states.py", line 59, in register
    self.register_transition('await', Role.BOTH)
  File "/usr/local/lib/python3.8/site-packages/FeatureCloud/app/engine/app.py", line 424, in register_transition
    self._app.register_transition(f'{self.name}_{name}', self.name, target, participant, coordinator)
  File "/usr/local/lib/python3.8/site-packages/FeatureCloud/app/engine/app.py", line 287, in register_transition
    self.log(f'source state {source} not accessible for participants', level=LogLevel.FATAL)
  File "/usr/local/lib/python3.8/site-packages/FeatureCloud/app/engine/app.py", line 340, in log
    raise RuntimeError(msg)
RuntimeError: [Time: 21.06.22 15:18:54] [Level: fatal] source state aggregate not accessible for participants
2022-06-21 15:18:54,841 INFO exited: app (exit status 1; not expected)
2022-06-21 15:18:55,846 INFO success: nginx entered RUNNING state, process has stayed up for > than 1 seconds (startsecs)
2022-06-21 15:18:55,852 INFO spawned: 'app' with pid 22
Traceback (most recent call last):
  File "/app/main.py", line 14, in <module>
    app.register()
  File "/usr/local/lib/python3.8/site-packages/FeatureCloud/app/engine/app.py", line 202, in register
    state.register()
  File "/app/states.py", line 59, in register
    self.register_transition('await', Role.BOTH)
  File "/usr/local/lib/python3.8/site-packages/FeatureCloud/app/engine/app.py", line 424, in register_transition
    self._app.register_transition(f'{self.name}_{name}', self.name, target, participant, coordinator)
  File "/usr/local/lib/python3.8/site-packages/FeatureCloud/app/engine/app.py", line 287, in register_transition
    self.log(f'source state {source} not accessible for participants', level=LogLevel.FATAL)
  File "/usr/local/lib/python3.8/site-packages/FeatureCloud/app/engine/app.py", line 340, in log
    raise RuntimeError(msg)
RuntimeError: [Time: 21.06.22 15:18:56] [Level: fatal] source state aggregate not accessible for participants
2022-06-21 15:18:56,357 INFO exited: app (exit status 1; not expected)
2022-06-21 15:18:58,364 INFO spawned: 'app' with pid 27
Traceback (most recent call last):
  File "/app/main.py", line 14, in <module>
    app.register()
  File "/usr/local/lib/python3.8/site-packages/FeatureCloud/app/engine/app.py", line 202, in register
    state.register()
  File "/app/states.py", line 59, in register
    self.register_transition('await', Role.BOTH)
  File "/usr/local/lib/python3.8/site-packages/FeatureCloud/app/engine/app.py", line 424, in register_transition
    self._app.register_transition(f'{self.name}_{name}', self.name, target, participant, coordinator)
  File "/usr/local/lib/python3.8/site-packages/FeatureCloud/app/engine/app.py", line 287, in register_transition
    self.log(f'source state {source} not accessible for participants', level=LogLevel.FATAL)
  File "/usr/local/lib/python3.8/site-packages/FeatureCloud/app/engine/app.py", line 340, in log
    raise RuntimeError(msg)
RuntimeError: [Time: 21.06.22 15:18:58] [Level: fatal] source state aggregate not accessible for participants
2022-06-21 15:18:58,819 INFO exited: app (exit status 1; not expected)
2022-06-21 15:19:01,832 INFO spawned: 'app' with pid 32
Traceback (most recent call last):
  File "/app/main.py", line 14, in <module>
    app.register()
  File "/usr/local/lib/python3.8/site-packages/FeatureCloud/app/engine/app.py", line 202, in register
    state.register()
  File "/app/states.py", line 59, in register
    self.register_transition('await', Role.BOTH)
  File "/usr/local/lib/python3.8/site-packages/FeatureCloud/app/engine/app.py", line 424, in register_transition
    self._app.register_transition(f'{self.name}_{name}', self.name, target, participant, coordinator)
  File "/usr/local/lib/python3.8/site-packages/FeatureCloud/app/engine/app.py", line 287, in register_transition
    self.log(f'source state {source} not accessible for participants', level=LogLevel.FATAL)
  File "/usr/local/lib/python3.8/site-packages/FeatureCloud/app/engine/app.py", line 340, in log
    raise RuntimeError(msg)
RuntimeError: [Time: 21.06.22 15:19:02] [Level: fatal] source state aggregate not accessible for participants
2022-06-21 15:19:02,323 INFO exited: app (exit status 1; not expected)
2022-06-21 15:19:03,328 INFO gave up: app entered FATAL state, too many start retries too quickly
