2022-06-22 12:34:17,971 CRIT Supervisor is running as root.  Privileges were not dropped because no user is specified in the config file.  If you intend to run as root, you can set user=root in the config file to avoid this message.
2022-06-22 12:34:17,973 INFO supervisord started with pid 8
2022-06-22 12:34:18,980 INFO spawned: 'nginx' with pid 11
2022-06-22 12:34:18,984 INFO spawned: 'app' with pid 12
Bottle v0.12.21 server starting up (using WSGIRefServer())...
Listening on http://localhost:5000/
Hit Ctrl-C to quit.

2022-06-22 12:34:20,733 INFO success: nginx entered RUNNING state, process has stayed up for > than 1 seconds (startsecs)
2022-06-22 12:34:20,734 INFO success: app entered RUNNING state, process has stayed up for > than 1 seconds (startsecs)
[CTRL] POST /setup
[Time: 22.06.22 12:34:21] [Level: info] id: 54f97f43699a0103
[Time: 22.06.22 12:34:21] [Level: info] coordinator: False
[Time: 22.06.22 12:34:21] [Level: info] clients: ['54f97f43699a0103', '4332add67bf2583f', 'fc45bc02b6d4927d']
127.0.0.1 - - [22/Jun/2022 12:34:21] "POST /api/setup HTTP/1.0" 200 0
[Time: 22.06.22 12:34:21] [Level: info] state: initial
[Time: 22.06.22 12:34:21] [Level: info] transition: read
[CTRL] GET /status
127.0.0.1 - - [22/Jun/2022 12:34:21] "GET /api/status HTTP/1.0" 200 126
[Time: 22.06.22 12:34:22] [Level: info] state: read
[Time: 22.06.22 12:34:23] [Level: info] transition: send_empty_columns
[Time: 22.06.22 12:34:24] [Level: info] state: send_empty_columns
[Time: 22.06.22 12:34:24] [Level: info] transition: await
[CTRL] GET /status
127.0.0.1 - - [22/Jun/2022 12:34:24] "GET /api/status HTTP/1.0" 200 126
127.0.0.1 - - [22/Jun/2022 12:34:24] "GET /api/data HTTP/1.0" 200 4
[CTRL] GET /data
[Time: 22.06.22 12:34:25] [Level: info] state: await
[CTRL] GET /status
127.0.0.1 - - [22/Jun/2022 12:34:27] "GET /api/status HTTP/1.0" 200 126
[CTRL] GET /data
127.0.0.1 - - [22/Jun/2022 12:34:27] "GET /api/data HTTP/1.0" 200 9351
