2022-06-21 12:28:20,875 CRIT Supervisor is running as root.  Privileges were not dropped because no user is specified in the config file.  If you intend to run as root, you can set user=root in the config file to avoid this message.
2022-06-21 12:28:20,877 INFO supervisord started with pid 8
2022-06-21 12:28:21,878 INFO spawned: 'nginx' with pid 11
2022-06-21 12:28:21,881 INFO spawned: 'app' with pid 12
Traceback (most recent call last):
  File "/app/main.py", line 8, in <module>
    import states
  File "/app/states.py", line 28, in <module>
    @app_state('aggregation', Role.COORDINATOR)
NameError: name 'Role' is not defined
2022-06-21 12:28:22,403 INFO exited: app (exit status 1; not expected)
2022-06-21 12:28:23,411 INFO success: nginx entered RUNNING state, process has stayed up for > than 1 seconds (startsecs)
2022-06-21 12:28:23,415 INFO spawned: 'app' with pid 21
Traceback (most recent call last):
  File "/app/main.py", line 8, in <module>
    import states
  File "/app/states.py", line 28, in <module>
    @app_state('aggregation', Role.COORDINATOR)
NameError: name 'Role' is not defined
2022-06-21 12:28:23,812 INFO exited: app (exit status 1; not expected)
2022-06-21 12:28:25,822 INFO spawned: 'app' with pid 26
Traceback (most recent call last):
  File "/app/main.py", line 8, in <module>
    import states
  File "/app/states.py", line 28, in <module>
    @app_state('aggregation', Role.COORDINATOR)
NameError: name 'Role' is not defined
2022-06-21 12:28:26,225 INFO exited: app (exit status 1; not expected)
