2022-06-21 12:28:43,363 CRIT Supervisor is running as root.  Privileges were not dropped because no user is specified in the config file.  If you intend to run as root, you can set user=root in the config file to avoid this message.
2022-06-21 12:28:43,365 INFO supervisord started with pid 8
2022-06-21 12:28:44,370 INFO spawned: 'nginx' with pid 11
2022-06-21 12:28:44,373 INFO spawned: 'app' with pid 12
Traceback (most recent call last):
  File "/app/main.py", line 8, in <module>
    import states
  File "/app/states.py", line 28, in <module>
    @app_state('aggregation', Role.COORDINATOR)
NameError: name 'Role' is not defined
2022-06-21 12:28:44,816 INFO exited: app (exit status 1; not expected)
2022-06-21 12:28:45,818 INFO success: nginx entered RUNNING state, process has stayed up for > than 1 seconds (startsecs)
2022-06-21 12:28:45,824 INFO spawned: 'app' with pid 21
Traceback (most recent call last):
  File "/app/main.py", line 8, in <module>
    import states
  File "/app/states.py", line 28, in <module>
    @app_state('aggregation', Role.COORDINATOR)
NameError: name 'Role' is not defined
2022-06-21 12:28:46,251 INFO exited: app (exit status 1; not expected)
2022-06-21 12:28:48,257 INFO spawned: 'app' with pid 26
Traceback (most recent call last):
  File "/app/main.py", line 8, in <module>
    import states
  File "/app/states.py", line 28, in <module>
    @app_state('aggregation', Role.COORDINATOR)
NameError: name 'Role' is not defined
2022-06-21 12:28:48,671 INFO exited: app (exit status 1; not expected)
2022-06-21 12:28:51,685 INFO spawned: 'app' with pid 31
Traceback (most recent call last):
  File "/app/main.py", line 8, in <module>
    import states
  File "/app/states.py", line 28, in <module>
    @app_state('aggregation', Role.COORDINATOR)
NameError: name 'Role' is not defined
2022-06-21 12:28:52,123 INFO exited: app (exit status 1; not expected)
2022-06-21 12:28:53,124 INFO gave up: app entered FATAL state, too many start retries too quickly
